Log file open, 09/26/16 14:21:24
LogInit:Display: Running engine for game: EndlessRunner
LogPlatformFile: Not using cached read wrapper
LogInit:Display: RandInit(-470011254) SRandInit(-470011253).
LogTaskGraph: Started task graph with 4 named threads and 5 total threads with 1 sets of task threads.
LogStats: Stats thread started at 0.062842
LogInit: Version: 4.12.5-3039270+++UE4+Release-4.12
LogInit: API Version: 2992821
LogInit: Net Version: 3039270
LogDevObjectVersion: Number of dev versions registered: 13
LogDevObjectVersion:   Dev-Blueprints (B0D832E4-1F89-4F0D-ACCF-7EB736FD4AA2): 3
LogDevObjectVersion:   Dev-Build (E1C64328-A22C-4D53-A36C-8E866417BD8C): 0
LogDevObjectVersion:   Dev-Core (375EC13C-06E4-48FB-B500-84F0262A717E): 1
LogDevObjectVersion:   Dev-Editor (E4B068ED-F494-42E9-A231-DA0B2E46BB41): 2
LogDevObjectVersion:   Dev-Framework (CFFC743F-43B0-4480-9391-14DF171D2073): 6
LogDevObjectVersion:   Dev-Mobile (B02B49B5-BB20-44E9-A304-32B752E40360): 0
LogDevObjectVersion:   Dev-Networking (A4E4105C-59A1-49B5-A7C5-40C4547EDFEE): 0
LogDevObjectVersion:   Dev-Online (39C831C9-5AE6-47DC-9A44-9C173E1C8E7C): 0
LogDevObjectVersion:   Dev-Physics (78F01B33-EBEA-4F98-B9B4-84EACCB95AA2): 0
LogDevObjectVersion:   Dev-Platform (6631380F-2D4D-43E0-8009-CF276956A95A): 0
LogDevObjectVersion:   Dev-Rendering (12F88B9F-8875-4AFC-A67C-D90C383ABD29): 2
LogDevObjectVersion:   Dev-Sequencer (7B5AE74C-D270-4C10-A958-57980B212A5A): 0
LogDevObjectVersion:   Dev-VR (D7296918-1DD6-4BDD-9DE2-64A83CC13884): 0
LogInit: Compiled (64-bit): Jul  6 2016 09:09:46
LogInit: Compiled with Visual C++: 19.00.23026.00
LogInit: Build Configuration: Development
LogInit: Branch Name: ++UE4+Release-4.12
LogInit: Command line:  
LogInit: Base directory: F:/Program Files/Epic Games/4.12/Engine/Binaries/Win64/
LogInit: Installed Engine Build: 1
LogInit: Using libcurl 7.41.0
LogInit:  - built for x86_64-pc-win32
LogInit:  - supports SSL with WinSSL
LogInit:  - other features:
LogInit:      CURL_VERSION_SSL
LogInit:      CURL_VERSION_IPV6
LogInit:      CURL_VERSION_ASYNCHDNS
LogInit:      CURL_VERSION_LARGEFILE
LogInit:      CURL_VERSION_IDN
LogInit:  CurlRequestOptions (configurable via config and command line):
LogInit:  - bVerifyPeer = true  - Libcurl will verify peer certificate
LogInit:  - bUseHttpProxy = false  - Libcurl will NOT use HTTP proxy
LogInit:  - bDontReuseConnections = false  - Libcurl will reuse connections
LogInit:  - CertBundlePath = nullptr  - Libcurl will use whatever was configured at build time.
LogInit: Presizing for max 8388607 objects, including 0 objects not considered by GC, pre-allocating 0 bytes for permanent pool.
LogInit: Object subsystem initialized
[2016.09.26-11.21.24:654][  0]LogInit: Selected Device Profile: [Windows]
[2016.09.26-11.21.24:654][  0]LogInit: Applying CVar settings loaded from the selected device profile: [Windows]
[2016.09.26-11.21.24:672][  0]LogInit: Computer: NB-ADE
[2016.09.26-11.21.24:672][  0]LogInit: User: ade
[2016.09.26-11.21.24:672][  0]LogInit: CPU Page size=65536, Cores=2
[2016.09.26-11.21.24:672][  0]LogInit: High frequency timer resolution =2.435877 MHz
[2016.09.26-11.21.24:672][  0]LogMemory: Memory total: Physical=7.9GB (8GB approx)
[2016.09.26-11.21.24:672][  0]LogMemory: Platform Memory Stats for Windows
[2016.09.26-11.21.24:672][  0]LogMemory: Process Physical Memory: 187.71 MB used, 187.71 MB peak
[2016.09.26-11.21.24:672][  0]LogMemory: Process Virtual Memory: 194.61 MB used, 194.61 MB peak
[2016.09.26-11.21.24:672][  0]LogMemory: Physical Memory: 5399.42 MB used, 8126.36 MB total
[2016.09.26-11.21.24:672][  0]LogMemory: Virtual Memory: 531.93 MB used, 134217728.00 MB total
[2016.09.26-11.21.24:734][  0]LogTextLocalizationManager: No specific translations for ('en-US') exist, so ('en') translations will be used.
[2016.09.26-11.21.25:257][  0]LogD3D11RHI: D3D11 adapters:
[2016.09.26-11.21.25:262][  0]LogD3D11RHI:    0. 'Intel(R) HD Graphics 3000' (Feature Level 10_0)
[2016.09.26-11.21.25:262][  0]LogD3D11RHI:       0/0/1632 MB DedicatedVideo/DedicatedSystem/SharedSystem, Outputs:1, VendorId:0x8086
[2016.09.26-11.21.25:265][  0]LogD3D11RHI:    1. 'Microsoft Basic Render Driver' (Feature Level 11_0)
[2016.09.26-11.21.25:265][  0]LogD3D11RHI:       0/0/256 MB DedicatedVideo/DedicatedSystem/SharedSystem, Outputs:0, VendorId:0x1414
[2016.09.26-11.21.25:265][  0]LogD3D11RHI: Chosen D3D11 Adapter: 0
[2016.09.26-11.21.25:272][  0]LogD3D11RHI: Creating new Direct3DDevice
[2016.09.26-11.21.25:272][  0]LogD3D11RHI:     GPU DeviceId: 0x126 (for the marketing name, search the web for "GPU Device Id")
[2016.09.26-11.21.25:272][  0]LogWindows: EnumDisplayDevices:
[2016.09.26-11.21.25:272][  0]LogWindows:    0. 'Intel(R) HD Graphics 3000' (P:1 D:1)
[2016.09.26-11.21.25:272][  0]LogWindows:    1. 'Intel(R) HD Graphics 3000' (P:0 D:0)
[2016.09.26-11.21.25:272][  0]LogWindows: DebugString: FoundDriverCount:2 
[2016.09.26-11.21.25:272][  0]LogD3D11RHI:     Adapter Name: Intel(R) HD Graphics 3000
[2016.09.26-11.21.25:272][  0]LogD3D11RHI:   Driver Version: 9.17.10.4229 (internal:9.17.10.4229, unified:9.17.10.4229)
[2016.09.26-11.21.25:272][  0]LogD3D11RHI:      Driver Date: 5-28-2015
[2016.09.26-11.21.25:272][  0]LogRHI: Texture pool is 571 MB (70% of 816 MB)
[2016.09.26-11.21.25:275][  0]LogD3D11RHI: Async texture creation enabled
[2016.09.26-11.21.25:297][  0]LogD3D11RHI: GPU Timing Frequency: 12.500000 (Debug: 2 1)
[2016.09.26-11.21.25:297][  0]LogShaderCompilers: Guid format shader working directory is -7 characters bigger than the processId version (C:/Users/ade.KYIV/Documents/Unreal Projects/EndlessRunner/Intermediate/Shaders/WorkingDirectory/1716/).
[2016.09.26-11.21.25:298][  0]LogShaderCompilers: Cleaned the shader compiler working directory 'C:/Users/ADE~1.KYI/AppData/Local/Temp/UnrealShaderWorkingDir/FB9A4504417A889E8A0E95A9E21870BF/'.
[2016.09.26-11.21.25:298][  0]LogShaderCompilers:Display: Using Local Shader Compiler.
[2016.09.26-11.21.27:096][  0]LogTemp:Display: Loaded TP AllDesktopTargetPlatform
[2016.09.26-11.21.27:109][  0]LogTemp:Display: Loaded TP WindowsClientTargetPlatform
[2016.09.26-11.21.27:121][  0]LogTemp:Display: Loaded TP WindowsNoEditorTargetPlatform
[2016.09.26-11.21.27:134][  0]LogTemp:Display: Loaded TP WindowsServerTargetPlatform
[2016.09.26-11.21.27:147][  0]LogTemp:Display: Loaded TP WindowsTargetPlatform
[2016.09.26-11.21.27:159][  0]LogTemp:Display: Loaded TP AndroidTargetPlatform
[2016.09.26-11.21.27:170][  0]LogTemp:Display: Loaded TP Android_ASTCTargetPlatform
[2016.09.26-11.21.27:180][  0]LogTemp:Display: Loaded TP Android_ATCTargetPlatform
[2016.09.26-11.21.27:192][  0]LogTemp:Display: Loaded TP Android_DXTTargetPlatform
[2016.09.26-11.21.27:204][  0]LogTemp:Display: Loaded TP Android_ETC1TargetPlatform
[2016.09.26-11.21.27:216][  0]LogTemp:Display: Loaded TP Android_ETC2TargetPlatform
[2016.09.26-11.21.27:239][  0]LogTemp:Display: Loaded TP Android_MultiTargetPlatform
[2016.09.26-11.21.27:239][  0]LogTemp:Display: Loaded TP Android_PVRTCTargetPlatform
[2016.09.26-11.21.27:241][  0]LogTemp:Display: Loaded TP HTML5TargetPlatform
[2016.09.26-11.21.27:273][  0]LogTemp:Display: Loaded TP IOSTargetPlatform
[2016.09.26-11.21.27:284][  0]LogTemp:Display: Loaded TP TVOSTargetPlatform
[2016.09.26-11.21.27:296][  0]LogTemp:Display: Loaded TP LinuxNoEditorTargetPlatform
[2016.09.26-11.21.27:308][  0]LogTemp:Display: Loaded TP LinuxServerTargetPlatform
[2016.09.26-11.21.27:320][  0]LogTemp:Display: Loaded TP LinuxTargetPlatform
[2016.09.26-11.21.27:320][  0]LogTargetPlatformManager:Display: Building Assets For Windows
[2016.09.26-11.21.27:427][  0]LogDerivedDataCache:Display: Max Cache Size: 512 MB
[2016.09.26-11.21.27:498][  0]LogDerivedDataCache: Loaded boot cache 0.07s 42MB C:/Users/ade.KYIV/AppData/Local/UnrealEngine/4.12/DerivedDataCache/Boot.ddc.
[2016.09.26-11.21.27:498][  0]LogDerivedDataCache:Display: Loaded Boot cache: C:/Users/ade.KYIV/AppData/Local/UnrealEngine/4.12/DerivedDataCache/Boot.ddc
[2016.09.26-11.21.27:498][  0]LogDerivedDataCache: FDerivedDataBackendGraph:  Pak pak cache file C:/Users/ade.KYIV/Documents/Unreal Projects/EndlessRunner/DerivedDataCache/DDC.ddp not found, will not use a pak cache.
[2016.09.26-11.21.27:498][  0]LogDerivedDataCache: Unable to find inner node Pak for hierarchical cache Hierarchy.
[2016.09.26-11.21.27:498][  0]LogDerivedDataCache: FDerivedDataBackendGraph:  CompressedPak pak cache file C:/Users/ade.KYIV/Documents/Unreal Projects/EndlessRunner/DerivedDataCache/Compressed.ddp not found, will not use a pak cache.
[2016.09.26-11.21.27:498][  0]LogDerivedDataCache: Unable to find inner node CompressedPak for hierarchical cache Hierarchy.
[2016.09.26-11.21.27:524][  0]LogDerivedDataCache:Display: Pak cache opened for reading ../../../Engine/DerivedDataCache/Compressed.ddp.
[2016.09.26-11.21.27:537][  0]LogDerivedDataCache: Using Local data cache path C:/Users/ade.KYIV/AppData/Local/UnrealEngine/Common/DerivedDataCache: Writable
[2016.09.26-11.21.28:681][  0]LogInit: Selected Device Profile: [Windows]
[2016.09.26-11.21.28:682][  0]LogContentStreaming: Texture pool size is 0.00 MB
[2016.09.26-11.21.28:951][  0]LogMeshUtilities: No automatic mesh reduction module available
[2016.09.26-11.21.28:952][  0]LogMeshUtilities: No automatic mesh merging module available
[2016.09.26-11.21.28:952][  0]LogMeshUtilities: No distributed automatic mesh merging module available
[2016.09.26-11.21.29:397][  0]LogAssetRegistry: FAssetRegistry took 0.0237 seconds to start up
[2016.09.26-11.21.29:452][  0]LogPackageLocalizationCache: Processed 3 localized package path(s) for 2 prioritized culture(s) in 0.046853 seconds
[2016.09.26-11.21.29:462][  0]LogUObjectArray: 28739 objects as part of root set at end of initial load.
[2016.09.26-11.21.29:462][  0]LogUObjectAllocator: 5855632 out of 0 bytes used by permanent object pool.
[2016.09.26-11.21.29:462][  0]LogUObjectArray: CloseDisregardForGC: 0/0 objects in disregard for GC pool
[2016.09.26-11.21.29:475][  0]LogInit: WinSock: version 1.1 (2.2), MaxSocks=32767, MaxUdp=65467
[2016.09.26-11.21.29:807][  0]LogSlate: SlateFontCache - WITH_FREETYPE: 1, WITH_HARFBUZZ: 1
[2016.09.26-11.21.29:807][  0]LogSlate: SlateFontCache - WITH_FREETYPE: 1, WITH_HARFBUZZ: 1
[2016.09.26-11.21.31:782][  0]LogUdpMessaging: Initializing bridge on interface 0.0.0.0:0 to multicast group 230.0.0.1:6666.
[2016.09.26-11.21.32:112][  0]SourceControl: Info Source control is disabled
[2016.09.26-11.21.32:164][  0]SourceControl: Info Source control is disabled
[2016.09.26-11.21.32:176][  0]SourceControl: Info Source control is disabled
[2016.09.26-11.21.32:188][  0]SourceControl: Info Source control is disabled
[2016.09.26-11.21.32:477][  0]LogEngine: Initializing Engine...
[2016.09.26-11.21.32:479][  0]LogHMD: SteamVR failed to initialize.  Err: 110
[2016.09.26-11.21.32:480][  0]LogHMD: SteamVR failed to initialize.  Err: 110
[2016.09.26-11.21.32:676][  0]LogAIModule: Creating AISystem for world NewWorld
[2016.09.26-11.21.32:685][  0]LogInit: XAudio2 using 'Speakers (Jabra UC VOICE 150a)' : 2 channels at 44.1 kHz using 16 bits per sample (channel mask 0x3)
[2016.09.26-11.21.32:703][  0]LogInit: FAudioDevice initialized.
[2016.09.26-11.21.32:730][  0]LogDerivedDataCache: Saved boot cache 0.03s 42MB C:/Users/ade.KYIV/AppData/Local/UnrealEngine/4.12/DerivedDataCache/Boot.ddc.
[2016.09.26-11.21.32:739][  0]LogInit: Texture streaming: Enabled
[2016.09.26-11.21.32:770][  0]LogInit: Transaction tracking system initialized
[2016.09.26-11.21.32:800][  0]BlueprintLog: New page: Editor Load
[2016.09.26-11.21.32:922][  0]LocalizationService: Info Localization service is disabled
[2016.09.26-11.21.33:204][  0]LogConsoleResponse:Display: 
[2016.09.26-11.21.33:379][  0]LogCook:Display: Max memory allowance for cook 8192mb
[2016.09.26-11.21.33:379][  0]LogCook:Display: Mobile HDR setting 1
[2016.09.26-11.21.33:542][  0]LogFileCache: Scanning file cache for directory 'C:/Users/ade.KYIV/Documents/Unreal Projects/EndlessRunner/Content/' took 0.02s
[2016.09.26-11.21.33:542][  0]SourceControl: Info Source control is disabled
[2016.09.26-11.21.33:542][  0]Cmd: MAP LOAD FILE="C:/Users/ade.KYIV/Documents/Unreal Projects/EndlessRunner/Content/ThirdPersonBP/Maps/ThirdPersonExampleMap.umap" TEMPLATE=0 SHOWPROGRESS=1 FEATURELEVEL=2
[2016.09.26-11.21.33:548][  0]LightingResults: New page: Lighting Build
[2016.09.26-11.21.33:551][  0]MapCheck: New page: Map Check
[2016.09.26-11.21.33:552][  0]LightingResults: New page: Lighting Build
[2016.09.26-11.21.34:309][  0]LogAIModule: Creating AISystem for world ThirdPersonExampleMap
[2016.09.26-11.21.34:323][  0]LogEditorServer: Finished looking for orphan Actors (0.000 secs)
[2016.09.26-11.21.34:323][  0]Cmd: MAP CHECKDEP NOCLEARLOG
[2016.09.26-11.21.34:482][  0]MapCheck: Info Map check complete: 0 Error(s), 0 Warning(s), took 158.31ms to complete.
[2016.09.26-11.21.34:482][  0]LogFileHelpers: Loading map 'ThirdPersonExampleMap' took 0.940
[2016.09.26-11.21.34:674][  0]LogCollectionManager: Loaded 0 collections in 0.001961 seconds
[2016.09.26-11.21.34:714][  0]LogFileCache: Scanning file cache for directory 'C:/Users/ade.KYIV/Documents/Unreal Projects/EndlessRunner/Saved/Collections/' took 0.01s
[2016.09.26-11.21.34:714][  0]LogFileCache: Scanning file cache for directory 'C:/Users/ade.KYIV/Documents/Unreal Projects/EndlessRunner/Content/Developers/ade/Collections/' took 0.01s
[2016.09.26-11.21.34:715][  0]LogFileCache: Scanning file cache for directory 'C:/Users/ade.KYIV/Documents/Unreal Projects/EndlessRunner/Content/Collections/' took 0.01s
[2016.09.26-11.21.34:715][  0]LogCollectionManager: Rebuilt the GUID cache for 0 collections in 0.000003 seconds
[2016.09.26-11.21.34:725][  0]LogContentBrowser: Native class hierarchy populated in 0.0101 seconds. Added 2047 classes and 369 folders.
[2016.09.26-11.21.34:729][  0]LogStats: UGameplayTagsManager::ConstructGameplayTagTree: Construct from data asset -  0.000 s
[2016.09.26-11.21.34:729][  0]LogStats: UGameplayTagsManager::ConstructGameplayTagTree: GameplayTagTreeChangedEvent.Broadcast -  0.000 s
[2016.09.26-11.21.34:730][  0]LogContentBrowser: Native class hierarchy updated for 'GameplayTags' in 0.0006 seconds. Added 12 classes and 0 folders.
[2016.09.26-11.21.34:782][  0]LogContentBrowser: Native class hierarchy updated for 'WidgetCarousel' in 0.0005 seconds. Added 0 classes and 0 folders.
[2016.09.26-11.21.34:867][  0]LogContentBrowser: Native class hierarchy updated for 'AddContentDialog' in 0.0005 seconds. Added 0 classes and 0 folders.
[2016.09.26-11.21.34:873][  0]LogContentBrowser: Native class hierarchy updated for 'SceneOutliner' in 0.0005 seconds. Added 1 classes and 2 folders.
[2016.09.26-11.21.34:891][  0]LogCrashTracker: Crashtracker disabled due to settings.
[2016.09.26-11.21.34:903][  0]LogUObjectGlobals:Warning: Failed to find object 'Class None.'
[2016.09.26-11.21.34:934][  0]LogContentBrowser: Native class hierarchy updated for 'HierarchicalLODOutliner' in 0.0008 seconds. Added 1 classes and 2 folders.
[2016.09.26-11.21.34:934][  0]LogLoad: Full Startup: 11.11 seconds (BP compile: 0.12 seconds)
[2016.09.26-11.21.34:934][  0]LogExternalProfiler: Found external profiler: VSPerf
[2016.09.26-11.21.34:934][  0]LogExternalProfiler: Using external profiler: VSPerf
[2016.09.26-11.21.35:276][  0]LogOcInput: OculusInput pre-init called
[2016.09.26-11.21.35:304][  0]LogContentStreaming: Texture pool size now 400 MB
[2016.09.26-11.21.35:626][  0]LogRenderer: Reallocating scene render targets to support 1224x588 (Frame:2).
[2016.09.26-11.21.36:950][  3]LogAssetRegistry: Asset discovery search completed in 7.5772 seconds
[2016.09.26-11.21.36:950][  3]LogCollectionManager: Rebuilt the object cache for 0 collections in 0.000002 seconds (found 0 objects)
[2016.09.26-11.21.36:950][  3]LogCollectionManager: Fixed up redirectors for 0 collections in 0.000061 seconds (updated 0 objects)
[2016.09.26-11.23.03:356][556]LogRenderer: Reallocating scene render targets to support 1228x588 (Frame:137).
[2016.09.26-11.23.03:483][557]LogRenderer: Reallocating scene render targets to support 1236x588 (Frame:139).
[2016.09.26-11.23.03:614][558]LogRenderer: Reallocating scene render targets to support 1248x588 (Frame:141).
[2016.09.26-11.23.03:721][559]LogRenderer: Reallocating scene render targets to support 1256x588 (Frame:143).
[2016.09.26-11.23.03:847][560]LogRenderer: Reallocating scene render targets to support 1268x588 (Frame:145).
[2016.09.26-11.23.04:115][563]LogRenderer: Reallocating scene render targets to support 1272x588 (Frame:149).
[2016.09.26-11.23.06:086][610]LogRenderer: Reallocating scene render targets to support 1272x592 (Frame:180).
[2016.09.26-11.23.06:182][611]LogRenderer: Reallocating scene render targets to support 1272x596 (Frame:182).
[2016.09.26-11.23.06:410][613]LogRenderer: Reallocating scene render targets to support 1272x600 (Frame:186).
[2016.09.26-11.23.26:799][969]LogEditorViewport: Clicking on Actor (LMB): ThirdPersonCharacter_C (ThirdPersonCharacter)
[2016.09.26-11.24.01:033][436]LogWindowsTextInputMethodSystem:Display: IME system now deactivated.
[2016.09.26-11.24.01:033][436]LogWindowsTextInputMethodSystem:Display: IME system now deactivated.
[2016.09.26-11.24.01:357][440]LogWindowsTextInputMethodSystem:Display: IME system now deactivated.
[2016.09.26-11.24.01:357][440]LogWindowsTextInputMethodSystem:Display: IME system now deactivated.
[2016.09.26-11.24.06:229][491]LogMetaData: Removing '/Game/ThirdPersonBP/Blueprints/runCharacter.runCharacter_C' ref from Metadata '/Game/ThirdPersonBP/Blueprints/ThirdPersonCharacter.PackageMetaData'
[2016.09.26-11.24.06:229][491]LogMetaData: Removing '/Game/ThirdPersonBP/Blueprints/runCharacter.SKEL_runCharacter_C' ref from Metadata '/Game/ThirdPersonBP/Blueprints/ThirdPersonCharacter.PackageMetaData'
[2016.09.26-11.24.06:358][491]Cmd: OBJ SAVEPACKAGE PACKAGE="/Game/ThirdPersonBP/Blueprints/runCharacter" FILE="C:/Users/ade.KYIV/Documents/Unreal Projects/EndlessRunner/Content/ThirdPersonBP/Blueprints/runCharacter.uasset" SILENT=true
[2016.09.26-11.24.06:475][491]LogSavePackage: Save=102.56ms
[2016.09.26-11.24.06:475][491]LogSavePackage: Moving 'C:/Users/ade.KYIV/Documents/Unreal Projects/EndlessRunner/Saved/runCharacter22288A25400C9878AABE9FBE05A6CBF4.tmp' to 'C:/Users/ade.KYIV/Documents/Unreal Projects/EndlessRunner/Content/ThirdPersonBP/Blueprints/runCharacter.uasset'
[2016.09.26-11.24.06:483][491]LogSavePackage:Display: Finished SavePackage C:/Users/ade.KYIV/Documents/Unreal Projects/EndlessRunner/Content/ThirdPersonBP/Blueprints/runCharacter.uasset
[2016.09.26-11.24.06:517][491]LogSavePackage: Save=12.82ms
[2016.09.26-11.24.06:517][491]LogSavePackage: Moving 'C:/Users/ade.KYIV/Documents/Unreal Projects/EndlessRunner/Saved/ThirdPersonCharacterB31198DD4E9FF479F0666F9A96A2370F.tmp' to 'C:/Users/ade.KYIV/Documents/Unreal Projects/EndlessRunner/Content/ThirdPersonBP/Blueprints/ThirdPersonCharacter.uasset'
[2016.09.26-11.24.06:523][491]LogSavePackage:Display: Finished SavePackage C:/Users/ade.KYIV/Documents/Unreal Projects/EndlessRunner/Content/ThirdPersonBP/Blueprints/ThirdPersonCharacter.uasset
[2016.09.26-11.24.18:456][797]LogEditorViewport: Clicking on Actor (LMB): StaticMeshActor (Floor)
[2016.09.26-11.24.18:961][798]Cmd: SELECT NONE
[2016.09.26-11.24.25:765][870]LogContentBrowser: Native class hierarchy updated for 'BlueprintGraph' in 0.0016 seconds. Added 111 classes and 0 folders.
[2016.09.26-11.25.12:748][806]LogRenderer: Reallocating scene render targets to support 1272x900 (Frame:2043).
[2016.09.26-11.25.55:358][365]BlueprintLog: New page: Compile runCharacter
[2016.09.26-11.25.55:622][365]BlueprintEditorCompileResults: Info [0271.80] Compile of runCharacter successful! [in 263 ms] (/Game/ThirdPersonBP/Blueprints/runCharacter.runCharacter)
[2016.09.26-11.25.58:809][418]LogBlueprintUserMessages: Early PlayInEditor Detection: Level '/Game/ThirdPersonBP/Maps/ThirdPersonExampleMap.ThirdPersonExampleMap:PersistentLevel' has LevelScriptBlueprint '/Game/ThirdPersonBP/Maps/ThirdPersonExampleMap.ThirdPersonExampleMap:PersistentLevel.ThirdPersonExampleMap' with GeneratedClass '/Game/ThirdPersonBP/Maps/ThirdPersonExampleMap.ThirdPersonExampleMap_C' with ClassGeneratedBy '/Game/ThirdPersonBP/Maps/ThirdPersonExampleMap.ThirdPersonExampleMap:PersistentLevel.ThirdPersonExampleMap'
[2016.09.26-11.25.58:809][418]LogPlayLevel: PlayLevel: No blueprints needed recompiling
[2016.09.26-11.25.58:979][418]PIE: New page: PIE session: ThirdPersonExampleMap (Sep 26, 2016, 4:25:58 PM)
[2016.09.26-11.25.58:979][418]LogPlayLevel: Creating play world package: /Game/ThirdPersonBP/Maps/UEDPIE_0_ThirdPersonExampleMap
[2016.09.26-11.25.59:076][418]LogPlayLevel: PIE: StaticDuplicateObject took: (0.096462s)
[2016.09.26-11.25.59:081][418]LogAIModule: Creating AISystem for world ThirdPersonExampleMap
[2016.09.26-11.25.59:081][418]LogPlayLevel: PIE: World Init took: (0.005267s)
[2016.09.26-11.25.59:082][418]LogPlayLevel: PIE: Created PIE world by copying editor world from /Game/ThirdPersonBP/Maps/ThirdPersonExampleMap.ThirdPersonExampleMap to /Game/ThirdPersonBP/Maps/UEDPIE_0_ThirdPersonExampleMap.ThirdPersonExampleMap (0.102411s)
[2016.09.26-11.25.59:160][418]LogInit: XAudio2 using 'Speakers (Jabra UC VOICE 150a)' : 2 channels at 44.1 kHz using 16 bits per sample (channel mask 0x3)
[2016.09.26-11.25.59:167][418]LogInit: FAudioDevice initialized.
[2016.09.26-11.25.59:396][418]LogWorld: Game class is 'ThirdPersonGameMode_C'
[2016.09.26-11.25.59:543][418]LogWorld: Bringing World /Game/ThirdPersonBP/Maps/UEDPIE_0_ThirdPersonExampleMap.ThirdPersonExampleMap up for play (max tick rate 60) at 2016.09.26-14.25.59
[2016.09.26-11.25.59:574][418]LogWorld: Bringing up level for play took: 0.055027
[2016.09.26-11.25.59:742][418]LogContentBrowser: Native class hierarchy updated for 'MovieSceneCapture' in 0.0010 seconds. Added 11 classes and 0 folders.
[2016.09.26-11.25.59:755][418]PIE: Info Play in editor start time for /Game/ThirdPersonBP/Maps/UEDPIE_0_ThirdPersonExampleMap 0.829
[2016.09.26-11.25.59:755][418]LogBlueprintUserMessages: Late PlayInEditor Detection: Level '/Game/ThirdPersonBP/Maps/ThirdPersonExampleMap.ThirdPersonExampleMap:PersistentLevel' has LevelScriptBlueprint '/Game/ThirdPersonBP/Maps/ThirdPersonExampleMap.ThirdPersonExampleMap:PersistentLevel.ThirdPersonExampleMap' with GeneratedClass '/Game/ThirdPersonBP/Maps/ThirdPersonExampleMap.ThirdPersonExampleMap_C' with ClassGeneratedBy '/Game/ThirdPersonBP/Maps/ThirdPersonExampleMap.ThirdPersonExampleMap:PersistentLevel.ThirdPersonExampleMap'
[2016.09.26-11.26.08:974][581]LogBlueprintUserMessages: Early EndPlayMap Detection: Level '/Game/ThirdPersonBP/Maps/ThirdPersonExampleMap.ThirdPersonExampleMap:PersistentLevel' has LevelScriptBlueprint '/Game/ThirdPersonBP/Maps/ThirdPersonExampleMap.ThirdPersonExampleMap:PersistentLevel.ThirdPersonExampleMap' with GeneratedClass '/Game/ThirdPersonBP/Maps/ThirdPersonExampleMap.ThirdPersonExampleMap_C' with ClassGeneratedBy '/Game/ThirdPersonBP/Maps/ThirdPersonExampleMap.ThirdPersonExampleMap:PersistentLevel.ThirdPersonExampleMap'
[2016.09.26-11.26.09:069][581]LogBlueprintUserMessages: Late EndPlayMap Detection: Level '/Game/ThirdPersonBP/Maps/ThirdPersonExampleMap.ThirdPersonExampleMap:PersistentLevel' has LevelScriptBlueprint '/Game/ThirdPersonBP/Maps/ThirdPersonExampleMap.ThirdPersonExampleMap:PersistentLevel.ThirdPersonExampleMap' with GeneratedClass '/Game/ThirdPersonBP/Maps/ThirdPersonExampleMap.ThirdPersonExampleMap_C' with ClassGeneratedBy '/Game/ThirdPersonBP/Maps/ThirdPersonExampleMap.ThirdPersonExampleMap:PersistentLevel.ThirdPersonExampleMap'
[2016.09.26-11.27.00:628][877]BlueprintLog: New page: Compile runCharacter
[2016.09.26-11.27.00:811][877]BlueprintEditorCompileResults: Info [0336.98] Compile of runCharacter successful! [in 182 ms] (/Game/ThirdPersonBP/Blueprints/runCharacter.runCharacter)
[2016.09.26-11.27.02:387][914]LogBlueprintUserMessages: Early PlayInEditor Detection: Level '/Game/ThirdPersonBP/Maps/ThirdPersonExampleMap.ThirdPersonExampleMap:PersistentLevel' has LevelScriptBlueprint '/Game/ThirdPersonBP/Maps/ThirdPersonExampleMap.ThirdPersonExampleMap:PersistentLevel.ThirdPersonExampleMap' with GeneratedClass '/Game/ThirdPersonBP/Maps/ThirdPersonExampleMap.ThirdPersonExampleMap_C' with ClassGeneratedBy '/Game/ThirdPersonBP/Maps/ThirdPersonExampleMap.ThirdPersonExampleMap:PersistentLevel.ThirdPersonExampleMap'
[2016.09.26-11.27.02:387][914]LogPlayLevel: PlayLevel: No blueprints needed recompiling
[2016.09.26-11.27.02:387][914]PIE: New page: PIE session: ThirdPersonExampleMap (Sep 26, 2016, 4:27:02 PM)
[2016.09.26-11.27.02:388][914]LogPlayLevel: Creating play world package: /Game/ThirdPersonBP/Maps/UEDPIE_0_ThirdPersonExampleMap
[2016.09.26-11.27.02:437][914]LogPlayLevel: PIE: StaticDuplicateObject took: (0.049707s)
[2016.09.26-11.27.02:439][914]LogAIModule: Creating AISystem for world ThirdPersonExampleMap
[2016.09.26-11.27.02:439][914]LogPlayLevel: PIE: World Init took: (0.001855s)
[2016.09.26-11.27.02:440][914]LogPlayLevel: PIE: Created PIE world by copying editor world from /Game/ThirdPersonBP/Maps/ThirdPersonExampleMap.ThirdPersonExampleMap to /Game/ThirdPersonBP/Maps/UEDPIE_0_ThirdPersonExampleMap.ThirdPersonExampleMap (0.052047s)
[2016.09.26-11.27.02:505][914]LogInit: XAudio2 using 'Speakers (Jabra UC VOICE 150a)' : 2 channels at 44.1 kHz using 16 bits per sample (channel mask 0x3)
[2016.09.26-11.27.02:512][914]LogInit: FAudioDevice initialized.
[2016.09.26-11.27.02:575][914]LogWorld: Game class is 'ThirdPersonGameMode_C'
[2016.09.26-11.27.02:583][914]LogWorld: Bringing World /Game/ThirdPersonBP/Maps/UEDPIE_0_ThirdPersonExampleMap.ThirdPersonExampleMap up for play (max tick rate 60) at 2016.09.26-14.27.02
[2016.09.26-11.27.02:584][914]LogWorld: Bringing up level for play took: 0.007903
[2016.09.26-11.27.02:585][914]PIE: Info Play in editor start time for /Game/ThirdPersonBP/Maps/UEDPIE_0_ThirdPersonExampleMap -0.341
[2016.09.26-11.27.02:586][914]LogBlueprintUserMessages: Late PlayInEditor Detection: Level '/Game/ThirdPersonBP/Maps/ThirdPersonExampleMap.ThirdPersonExampleMap:PersistentLevel' has LevelScriptBlueprint '/Game/ThirdPersonBP/Maps/ThirdPersonExampleMap.ThirdPersonExampleMap:PersistentLevel.ThirdPersonExampleMap' with GeneratedClass '/Game/ThirdPersonBP/Maps/ThirdPersonExampleMap.ThirdPersonExampleMap_C' with ClassGeneratedBy '/Game/ThirdPersonBP/Maps/ThirdPersonExampleMap.ThirdPersonExampleMap:PersistentLevel.ThirdPersonExampleMap'
[2016.09.26-11.27.12:101][ 98]LogBlueprintUserMessages: Early EndPlayMap Detection: Level '/Game/ThirdPersonBP/Maps/ThirdPersonExampleMap.ThirdPersonExampleMap:PersistentLevel' has LevelScriptBlueprint '/Game/ThirdPersonBP/Maps/ThirdPersonExampleMap.ThirdPersonExampleMap:PersistentLevel.ThirdPersonExampleMap' with GeneratedClass '/Game/ThirdPersonBP/Maps/ThirdPersonExampleMap.ThirdPersonExampleMap_C' with ClassGeneratedBy '/Game/ThirdPersonBP/Maps/ThirdPersonExampleMap.ThirdPersonExampleMap:PersistentLevel.ThirdPersonExampleMap'
[2016.09.26-11.27.12:182][ 98]LogBlueprintUserMessages: Late EndPlayMap Detection: Level '/Game/ThirdPersonBP/Maps/ThirdPersonExampleMap.ThirdPersonExampleMap:PersistentLevel' has LevelScriptBlueprint '/Game/ThirdPersonBP/Maps/ThirdPersonExampleMap.ThirdPersonExampleMap:PersistentLevel.ThirdPersonExampleMap' with GeneratedClass '/Game/ThirdPersonBP/Maps/ThirdPersonExampleMap.ThirdPersonExampleMap_C' with ClassGeneratedBy '/Game/ThirdPersonBP/Maps/ThirdPersonExampleMap.ThirdPersonExampleMap:PersistentLevel.ThirdPersonExampleMap'
[2016.09.26-11.27.21:132][254]LogEditorViewport: Clicking on Actor (LMB): runCharacter_C (ThirdPersonCharacter)
[2016.09.26-11.27.48:141][817]BlueprintLog: New page: Compile runCharacter
[2016.09.26-11.27.48:361][817]BlueprintEditorCompileResults: Info [0384.53] Compile of runCharacter successful! [in 220 ms] (/Game/ThirdPersonBP/Blueprints/runCharacter.runCharacter)
[2016.09.26-11.27.51:033][855]LogBlueprintUserMessages: Early PlayInEditor Detection: Level '/Game/ThirdPersonBP/Maps/ThirdPersonExampleMap.ThirdPersonExampleMap:PersistentLevel' has LevelScriptBlueprint '/Game/ThirdPersonBP/Maps/ThirdPersonExampleMap.ThirdPersonExampleMap:PersistentLevel.ThirdPersonExampleMap' with GeneratedClass '/Game/ThirdPersonBP/Maps/ThirdPersonExampleMap.ThirdPersonExampleMap_C' with ClassGeneratedBy '/Game/ThirdPersonBP/Maps/ThirdPersonExampleMap.ThirdPersonExampleMap:PersistentLevel.ThirdPersonExampleMap'
[2016.09.26-11.27.51:033][855]LogPlayLevel: PlayLevel: No blueprints needed recompiling
[2016.09.26-11.27.51:033][855]PIE: New page: PIE session: ThirdPersonExampleMap (Sep 26, 2016, 4:27:51 PM)
[2016.09.26-11.27.51:033][855]LogPlayLevel: Creating play world package: /Game/ThirdPersonBP/Maps/UEDPIE_0_ThirdPersonExampleMap
[2016.09.26-11.27.51:083][855]LogPlayLevel: PIE: StaticDuplicateObject took: (0.049922s)
[2016.09.26-11.27.51:084][855]LogAIModule: Creating AISystem for world ThirdPersonExampleMap
[2016.09.26-11.27.51:084][855]LogPlayLevel: PIE: World Init took: (0.001313s)
[2016.09.26-11.27.51:085][855]LogPlayLevel: PIE: Created PIE world by copying editor world from /Game/ThirdPersonBP/Maps/ThirdPersonExampleMap.ThirdPersonExampleMap to /Game/ThirdPersonBP/Maps/UEDPIE_0_ThirdPersonExampleMap.ThirdPersonExampleMap (0.051596s)
[2016.09.26-11.27.51:195][855]LogInit: XAudio2 using 'Speakers (Jabra UC VOICE 150a)' : 2 channels at 44.1 kHz using 16 bits per sample (channel mask 0x3)
[2016.09.26-11.27.51:201][855]LogInit: FAudioDevice initialized.
[2016.09.26-11.27.51:268][855]LogWorld: Game class is 'ThirdPersonGameMode_C'
[2016.09.26-11.27.51:275][855]LogWorld: Bringing World /Game/ThirdPersonBP/Maps/UEDPIE_0_ThirdPersonExampleMap.ThirdPersonExampleMap up for play (max tick rate 60) at 2016.09.26-14.27.51
[2016.09.26-11.27.51:276][855]LogWorld: Bringing up level for play took: 0.007494
[2016.09.26-11.27.51:278][855]PIE: Info Play in editor start time for /Game/ThirdPersonBP/Maps/UEDPIE_0_ThirdPersonExampleMap 0.352
[2016.09.26-11.27.51:278][855]LogBlueprintUserMessages: Late PlayInEditor Detection: Level '/Game/ThirdPersonBP/Maps/ThirdPersonExampleMap.ThirdPersonExampleMap:PersistentLevel' has LevelScriptBlueprint '/Game/ThirdPersonBP/Maps/ThirdPersonExampleMap.ThirdPersonExampleMap:PersistentLevel.ThirdPersonExampleMap' with GeneratedClass '/Game/ThirdPersonBP/Maps/ThirdPersonExampleMap.ThirdPersonExampleMap_C' with ClassGeneratedBy '/Game/ThirdPersonBP/Maps/ThirdPersonExampleMap.ThirdPersonExampleMap:PersistentLevel.ThirdPersonExampleMap'
[2016.09.26-11.27.54:574][916]LogBlueprintUserMessages: Early EndPlayMap Detection: Level '/Game/ThirdPersonBP/Maps/ThirdPersonExampleMap.ThirdPersonExampleMap:PersistentLevel' has LevelScriptBlueprint '/Game/ThirdPersonBP/Maps/ThirdPersonExampleMap.ThirdPersonExampleMap:PersistentLevel.ThirdPersonExampleMap' with GeneratedClass '/Game/ThirdPersonBP/Maps/ThirdPersonExampleMap.ThirdPersonExampleMap_C' with ClassGeneratedBy '/Game/ThirdPersonBP/Maps/ThirdPersonExampleMap.ThirdPersonExampleMap:PersistentLevel.ThirdPersonExampleMap'
[2016.09.26-11.27.54:720][916]LogBlueprintUserMessages: Late EndPlayMap Detection: Level '/Game/ThirdPersonBP/Maps/ThirdPersonExampleMap.ThirdPersonExampleMap:PersistentLevel' has LevelScriptBlueprint '/Game/ThirdPersonBP/Maps/ThirdPersonExampleMap.ThirdPersonExampleMap:PersistentLevel.ThirdPersonExampleMap' with GeneratedClass '/Game/ThirdPersonBP/Maps/ThirdPersonExampleMap.ThirdPersonExampleMap_C' with ClassGeneratedBy '/Game/ThirdPersonBP/Maps/ThirdPersonExampleMap.ThirdPersonExampleMap:PersistentLevel.ThirdPersonExampleMap'
[2016.09.26-11.28.04:210][ 97]Cmd: OBJ SAVEPACKAGE PACKAGE="/Game/ThirdPersonBP/Blueprints/runCharacter" FILE="C:/Users/ade.KYIV/Documents/Unreal Projects/EndlessRunner/Content/ThirdPersonBP/Blueprints/runCharacter.uasset" SILENT=true
[2016.09.26-11.28.04:303][ 97]LogSavePackage: Save=77.89ms
[2016.09.26-11.28.04:303][ 97]LogSavePackage: Moving 'C:/Users/ade.KYIV/Documents/Unreal Projects/EndlessRunner/Saved/runCharacter8CB65CAE43D4D84632926D95098A6A3F.tmp' to 'C:/Users/ade.KYIV/Documents/Unreal Projects/EndlessRunner/Content/ThirdPersonBP/Blueprints/runCharacter.uasset'
[2016.09.26-11.28.04:308][ 97]LogSavePackage:Display: Finished SavePackage C:/Users/ade.KYIV/Documents/Unreal Projects/EndlessRunner/Content/ThirdPersonBP/Blueprints/runCharacter.uasset
[2016.09.26-11.28.25:345][300]Cmd: CAMERA ALIGN ACTIVEVIEWPORTONLY
[2016.09.26-11.28.36:359][442]LogSavePackage: Save=743.47ms
[2016.09.26-11.28.36:359][442]LogSavePackage: Moving 'C:/Users/ade.KYIV/Documents/Unreal Projects/EndlessRunner/Saved/ThirdPersonExampleMapE714DF684279B993B31129B8DC5F62DB.tmp' to 'C:/Users/ade.KYIV/Documents/Unreal Projects/EndlessRunner/Content/ThirdPersonBP/Maps/ThirdPersonExampleMap.umap'
[2016.09.26-11.28.36:365][442]LogSavePackage:Display: Finished SavePackage C:/Users/ade.KYIV/Documents/Unreal Projects/EndlessRunner/Content/ThirdPersonBP/Maps/ThirdPersonExampleMap.umap
[2016.09.26-11.28.36:876][451]LogBlueprintUserMessages: Early PlayInEditor Detection: Level '/Game/ThirdPersonBP/Maps/ThirdPersonExampleMap.ThirdPersonExampleMap:PersistentLevel' has LevelScriptBlueprint '/Game/ThirdPersonBP/Maps/ThirdPersonExampleMap.ThirdPersonExampleMap:PersistentLevel.ThirdPersonExampleMap' with GeneratedClass '/Game/ThirdPersonBP/Maps/ThirdPersonExampleMap.ThirdPersonExampleMap_C' with ClassGeneratedBy '/Game/ThirdPersonBP/Maps/ThirdPersonExampleMap.ThirdPersonExampleMap:PersistentLevel.ThirdPersonExampleMap'
[2016.09.26-11.28.36:877][451]LogPlayLevel: PlayLevel: No blueprints needed recompiling
[2016.09.26-11.28.36:877][451]PIE: New page: PIE session: ThirdPersonExampleMap (Sep 26, 2016, 4:28:36 PM)
[2016.09.26-11.28.36:877][451]LogPlayLevel: Creating play world package: /Game/ThirdPersonBP/Maps/UEDPIE_0_ThirdPersonExampleMap
[2016.09.26-11.28.36:922][451]LogPlayLevel: PIE: StaticDuplicateObject took: (0.044777s)
[2016.09.26-11.28.36:923][451]LogAIModule: Creating AISystem for world ThirdPersonExampleMap
[2016.09.26-11.28.36:924][451]LogPlayLevel: PIE: World Init took: (0.001606s)
[2016.09.26-11.28.36:924][451]LogPlayLevel: PIE: Created PIE world by copying editor world from /Game/ThirdPersonBP/Maps/ThirdPersonExampleMap.ThirdPersonExampleMap to /Game/ThirdPersonBP/Maps/UEDPIE_0_ThirdPersonExampleMap.ThirdPersonExampleMap (0.046786s)
[2016.09.26-11.28.37:033][451]LogInit: XAudio2 using 'Speakers (Jabra UC VOICE 150a)' : 2 channels at 44.1 kHz using 16 bits per sample (channel mask 0x3)
[2016.09.26-11.28.37:039][451]LogInit: FAudioDevice initialized.
[2016.09.26-11.28.37:115][451]LogWorld: Game class is 'ThirdPersonGameMode_C'
[2016.09.26-11.28.37:125][451]LogWorld: Bringing World /Game/ThirdPersonBP/Maps/UEDPIE_0_ThirdPersonExampleMap.ThirdPersonExampleMap up for play (max tick rate 60) at 2016.09.26-14.28.37
[2016.09.26-11.28.37:126][451]LogWorld: Bringing up level for play took: 0.009977
[2016.09.26-11.28.37:128][451]PIE: Info Play in editor start time for /Game/ThirdPersonBP/Maps/UEDPIE_0_ThirdPersonExampleMap 0.203
[2016.09.26-11.28.37:128][451]LogBlueprintUserMessages: Late PlayInEditor Detection: Level '/Game/ThirdPersonBP/Maps/ThirdPersonExampleMap.ThirdPersonExampleMap:PersistentLevel' has LevelScriptBlueprint '/Game/ThirdPersonBP/Maps/ThirdPersonExampleMap.ThirdPersonExampleMap:PersistentLevel.ThirdPersonExampleMap' with GeneratedClass '/Game/ThirdPersonBP/Maps/ThirdPersonExampleMap.ThirdPersonExampleMap_C' with ClassGeneratedBy '/Game/ThirdPersonBP/Maps/ThirdPersonExampleMap.ThirdPersonExampleMap:PersistentLevel.ThirdPersonExampleMap'
[2016.09.26-11.28.46:697][633]LogBlueprintUserMessages: Early EndPlayMap Detection: Level '/Game/ThirdPersonBP/Maps/ThirdPersonExampleMap.ThirdPersonExampleMap:PersistentLevel' has LevelScriptBlueprint '/Game/ThirdPersonBP/Maps/ThirdPersonExampleMap.ThirdPersonExampleMap:PersistentLevel.ThirdPersonExampleMap' with GeneratedClass '/Game/ThirdPersonBP/Maps/ThirdPersonExampleMap.ThirdPersonExampleMap_C' with ClassGeneratedBy '/Game/ThirdPersonBP/Maps/ThirdPersonExampleMap.ThirdPersonExampleMap:PersistentLevel.ThirdPersonExampleMap'
[2016.09.26-11.28.46:863][633]LogBlueprintUserMessages: Late EndPlayMap Detection: Level '/Game/ThirdPersonBP/Maps/ThirdPersonExampleMap.ThirdPersonExampleMap:PersistentLevel' has LevelScriptBlueprint '/Game/ThirdPersonBP/Maps/ThirdPersonExampleMap.ThirdPersonExampleMap:PersistentLevel.ThirdPersonExampleMap' with GeneratedClass '/Game/ThirdPersonBP/Maps/ThirdPersonExampleMap.ThirdPersonExampleMap_C' with ClassGeneratedBy '/Game/ThirdPersonBP/Maps/ThirdPersonExampleMap.ThirdPersonExampleMap:PersistentLevel.ThirdPersonExampleMap'
[2016.09.26-11.28.48:121][650]Cmd: CAMERA ALIGN ACTIVEVIEWPORTONLY
[2016.09.26-11.28.51:438][694]Cmd: SELECT NONE
[2016.09.26-11.32.50:379][404]LogUObjectHash:Warning: Ambiguous search, could be K2Node_IfThenElse /Engine/EditorBlueprintResources/StandardMacros.StandardMacros:FlipFlop.K2Node_IfThenElse_4 or K2Node_IfThenElse /Game/ThirdPersonBP/Blueprints/runCharacter.runCharacter:EventGraph.K2Node_IfThenElse_4
[2016.09.26-11.32.50:379][404]LogProperty:Warning: ObjectProperty /Script/Engine.EdGraphPin:LinkedTo.LinkedTo: unresolved reference to 'EdGraphPin'K2Node_IfThenElse_4.EdGraphPin_714''
[2016.09.26-11.32.50:381][404]LogUObjectHash:Warning: Ambiguous search, could be K2Node_VariableSet /Engine/Transient.K2Node_VariableSet_34 or K2Node_VariableSet /Game/ThirdPersonBP/Blueprints/runCharacter.runCharacter:EventGraph.K2Node_VariableSet_34
[2016.09.26-11.32.50:382][404]LogProperty:Warning: ObjectProperty /Script/Engine.EdGraphPin:LinkedTo.LinkedTo: unresolved reference to 'EdGraphPin'K2Node_VariableSet_34.EdGraphPin_817''
[2016.09.26-11.32.50:385][404]LogUObjectHash:Warning: Ambiguous search, could be K2Node_CallFunction /Game/ThirdPersonBP/Blueprints/runCharacter.runCharacter:EventGraph.K2Node_CallFunction_303 or K2Node_CallFunction /Engine/Transient.PROTO_BP_Blueprint_0:UserConstructionScript.K2Node_CallFunction_303
[2016.09.26-11.32.50:385][404]LogProperty:Warning: ObjectProperty /Script/Engine.EdGraphPin:LinkedTo.LinkedTo: unresolved reference to 'EdGraphPin'K2Node_CallFunction_303.EdGraphPin_837''
[2016.09.26-11.32.50:387][404]LogUObjectHash:Warning: Ambiguous search, could be K2Node_CallFunction /Game/ThirdPersonBP/Blueprints/runCharacter.runCharacter:EventGraph.K2Node_CallFunction_303 or K2Node_CallFunction /Engine/Transient.PROTO_BP_Blueprint_0:UserConstructionScript.K2Node_CallFunction_303
[2016.09.26-11.32.50:388][404]LogProperty:Warning: ObjectProperty /Script/Engine.EdGraphPin:LinkedTo.LinkedTo: unresolved reference to 'EdGraphPin'K2Node_CallFunction_303.EdGraphPin_835''
[2016.09.26-11.37.12:213][708]LogSavePackage: Save=790.78ms
[2016.09.26-11.37.12:213][708]LogSavePackage: Moving 'C:/Users/ade.KYIV/Documents/Unreal Projects/EndlessRunner/Saved/ThirdPersonExampleMap10415492487A8EF4F6D9CA8FBCD1424D.tmp' to 'C:/Users/ade.KYIV/Documents/Unreal Projects/EndlessRunner/Content/ThirdPersonBP/Maps/ThirdPersonExampleMap.umap'
[2016.09.26-11.37.12:222][708]LogSavePackage:Display: Finished SavePackage C:/Users/ade.KYIV/Documents/Unreal Projects/EndlessRunner/Content/ThirdPersonBP/Maps/ThirdPersonExampleMap.umap
[2016.09.26-11.37.12:342][708]LogFileHelpers: Saving map 'ThirdPersonExampleMap' took 1.415
[2016.09.26-11.37.12:402][708]Cmd: OBJ SAVEPACKAGE PACKAGE="/Game/ThirdPersonBP/Blueprints/runCharacter" FILE="C:/Users/ade.KYIV/Documents/Unreal Projects/EndlessRunner/Content/ThirdPersonBP/Blueprints/runCharacter.uasset" SILENT=true
[2016.09.26-11.37.12:483][708]LogSavePackage: Save=72.91ms
[2016.09.26-11.37.12:483][708]LogSavePackage: Moving 'C:/Users/ade.KYIV/Documents/Unreal Projects/EndlessRunner/Saved/runCharacter06DE612545C1078B3E37CFAC54CA694F.tmp' to 'C:/Users/ade.KYIV/Documents/Unreal Projects/EndlessRunner/Content/ThirdPersonBP/Blueprints/runCharacter.uasset'
[2016.09.26-11.37.12:489][708]LogSavePackage:Display: Finished SavePackage C:/Users/ade.KYIV/Documents/Unreal Projects/EndlessRunner/Content/ThirdPersonBP/Blueprints/runCharacter.uasset
[2016.09.26-11.38.05:062][991]BlueprintLog: New page: Compile runCharacter
[2016.09.26-11.38.05:590][991]BlueprintEditorCompileResults: Info [1001.76] Compile of runCharacter successful! [in 528 ms] (/Game/ThirdPersonBP/Blueprints/runCharacter.runCharacter)
[2016.09.26-11.38.37:611][536]BlueprintLog: New page: Compile runCharacter
[2016.09.26-11.38.37:784][536]BlueprintEditorCompileResults: Info [1033.96] Compile of runCharacter successful! [in 172 ms] (/Game/ThirdPersonBP/Blueprints/runCharacter.runCharacter)
[2016.09.26-11.38.41:283][612]LogBlueprintUserMessages: Early PlayInEditor Detection: Level '/Game/ThirdPersonBP/Maps/ThirdPersonExampleMap.ThirdPersonExampleMap:PersistentLevel' has LevelScriptBlueprint '/Game/ThirdPersonBP/Maps/ThirdPersonExampleMap.ThirdPersonExampleMap:PersistentLevel.ThirdPersonExampleMap' with GeneratedClass '/Game/ThirdPersonBP/Maps/ThirdPersonExampleMap.ThirdPersonExampleMap_C' with ClassGeneratedBy '/Game/ThirdPersonBP/Maps/ThirdPersonExampleMap.ThirdPersonExampleMap:PersistentLevel.ThirdPersonExampleMap'
[2016.09.26-11.38.41:284][612]LogPlayLevel: PlayLevel: No blueprints needed recompiling
[2016.09.26-11.38.41:284][612]PIE: New page: PIE session: ThirdPersonExampleMap (Sep 26, 2016, 4:38:41 PM)
[2016.09.26-11.38.41:284][612]LogPlayLevel: Creating play world package: /Game/ThirdPersonBP/Maps/UEDPIE_0_ThirdPersonExampleMap
[2016.09.26-11.38.41:347][612]LogPlayLevel: PIE: StaticDuplicateObject took: (0.062591s)
[2016.09.26-11.38.41:348][612]LogAIModule: Creating AISystem for world ThirdPersonExampleMap
[2016.09.26-11.38.41:348][612]LogPlayLevel: PIE: World Init took: (0.001129s)
[2016.09.26-11.38.41:348][612]LogPlayLevel: PIE: Created PIE world by copying editor world from /Game/ThirdPersonBP/Maps/ThirdPersonExampleMap.ThirdPersonExampleMap to /Game/ThirdPersonBP/Maps/UEDPIE_0_ThirdPersonExampleMap.ThirdPersonExampleMap (0.064069s)
[2016.09.26-11.38.41:407][612]LogInit: XAudio2 using 'Speakers (Jabra UC VOICE 150a)' : 2 channels at 44.1 kHz using 16 bits per sample (channel mask 0x3)
[2016.09.26-11.38.41:413][612]LogInit: FAudioDevice initialized.
[2016.09.26-11.38.41:477][612]LogWorld: Game class is 'ThirdPersonGameMode_C'
[2016.09.26-11.38.41:485][612]LogWorld: Bringing World /Game/ThirdPersonBP/Maps/UEDPIE_0_ThirdPersonExampleMap.ThirdPersonExampleMap up for play (max tick rate 60) at 2016.09.26-14.38.41
[2016.09.26-11.38.41:486][612]LogWorld: Bringing up level for play took: 0.008044
[2016.09.26-11.38.41:825][612]PIE: Info Play in editor start time for /Game/ThirdPersonBP/Maps/UEDPIE_0_ThirdPersonExampleMap 0.899
[2016.09.26-11.38.41:826][612]LogBlueprintUserMessages: Late PlayInEditor Detection: Level '/Game/ThirdPersonBP/Maps/ThirdPersonExampleMap.ThirdPersonExampleMap:PersistentLevel' has LevelScriptBlueprint '/Game/ThirdPersonBP/Maps/ThirdPersonExampleMap.ThirdPersonExampleMap:PersistentLevel.ThirdPersonExampleMap' with GeneratedClass '/Game/ThirdPersonBP/Maps/ThirdPersonExampleMap.ThirdPersonExampleMap_C' with ClassGeneratedBy '/Game/ThirdPersonBP/Maps/ThirdPersonExampleMap.ThirdPersonExampleMap:PersistentLevel.ThirdPersonExampleMap'
[2016.09.26-11.39.01:175][988]LogBlueprintUserMessages: Early EndPlayMap Detection: Level '/Game/ThirdPersonBP/Maps/ThirdPersonExampleMap.ThirdPersonExampleMap:PersistentLevel' has LevelScriptBlueprint '/Game/ThirdPersonBP/Maps/ThirdPersonExampleMap.ThirdPersonExampleMap:PersistentLevel.ThirdPersonExampleMap' with GeneratedClass '/Game/ThirdPersonBP/Maps/ThirdPersonExampleMap.ThirdPersonExampleMap_C' with ClassGeneratedBy '/Game/ThirdPersonBP/Maps/ThirdPersonExampleMap.ThirdPersonExampleMap:PersistentLevel.ThirdPersonExampleMap'
[2016.09.26-11.39.01:272][988]LogBlueprintUserMessages: Late EndPlayMap Detection: Level '/Game/ThirdPersonBP/Maps/ThirdPersonExampleMap.ThirdPersonExampleMap:PersistentLevel' has LevelScriptBlueprint '/Game/ThirdPersonBP/Maps/ThirdPersonExampleMap.ThirdPersonExampleMap:PersistentLevel.ThirdPersonExampleMap' with GeneratedClass '/Game/ThirdPersonBP/Maps/ThirdPersonExampleMap.ThirdPersonExampleMap_C' with ClassGeneratedBy '/Game/ThirdPersonBP/Maps/ThirdPersonExampleMap.ThirdPersonExampleMap:PersistentLevel.ThirdPersonExampleMap'
[2016.09.26-11.39.19:444][114]LogSavePackage: Save=819.40ms
[2016.09.26-11.39.19:444][114]LogSavePackage: Moving 'C:/Users/ade.KYIV/Documents/Unreal Projects/EndlessRunner/Saved/ThirdPersonExampleMap8B64B01F418ABD91E35F819C7624D38D.tmp' to 'C:/Users/ade.KYIV/Documents/Unreal Projects/EndlessRunner/Content/ThirdPersonBP/Maps/ThirdPersonExampleMap.umap'
[2016.09.26-11.39.19:450][114]LogSavePackage:Display: Finished SavePackage C:/Users/ade.KYIV/Documents/Unreal Projects/EndlessRunner/Content/ThirdPersonBP/Maps/ThirdPersonExampleMap.umap
[2016.09.26-11.39.19:480][114]LogFileHelpers: Saving map 'ThirdPersonExampleMap' took 1.056
[2016.09.26-11.39.19:536][114]Cmd: OBJ SAVEPACKAGE PACKAGE="/Game/ThirdPersonBP/Blueprints/runCharacter" FILE="C:/Users/ade.KYIV/Documents/Unreal Projects/EndlessRunner/Content/ThirdPersonBP/Blueprints/runCharacter.uasset" SILENT=true
[2016.09.26-11.39.19:622][114]LogSavePackage: Save=79.56ms
[2016.09.26-11.39.19:622][114]LogSavePackage: Moving 'C:/Users/ade.KYIV/Documents/Unreal Projects/EndlessRunner/Saved/runCharacterF585DCA74DDB8C37C4D7B2AFF7854080.tmp' to 'C:/Users/ade.KYIV/Documents/Unreal Projects/EndlessRunner/Content/ThirdPersonBP/Blueprints/runCharacter.uasset'
[2016.09.26-11.39.19:629][114]LogSavePackage:Display: Finished SavePackage C:/Users/ade.KYIV/Documents/Unreal Projects/EndlessRunner/Content/ThirdPersonBP/Blueprints/runCharacter.uasset
[2016.09.26-11.39.21:225][149]LogBlueprintUserMessages: Early PlayInEditor Detection: Level '/Game/ThirdPersonBP/Maps/ThirdPersonExampleMap.ThirdPersonExampleMap:PersistentLevel' has LevelScriptBlueprint '/Game/ThirdPersonBP/Maps/ThirdPersonExampleMap.ThirdPersonExampleMap:PersistentLevel.ThirdPersonExampleMap' with GeneratedClass '/Game/ThirdPersonBP/Maps/ThirdPersonExampleMap.ThirdPersonExampleMap_C' with ClassGeneratedBy '/Game/ThirdPersonBP/Maps/ThirdPersonExampleMap.ThirdPersonExampleMap:PersistentLevel.ThirdPersonExampleMap'
[2016.09.26-11.39.21:225][149]LogPlayLevel: PlayLevel: No blueprints needed recompiling
[2016.09.26-11.39.21:225][149]PIE: New page: PIE session: ThirdPersonExampleMap (Sep 26, 2016, 4:39:21 PM)
[2016.09.26-11.39.21:225][149]LogPlayLevel: Creating play world package: /Game/ThirdPersonBP/Maps/UEDPIE_0_ThirdPersonExampleMap
[2016.09.26-11.39.21:275][149]LogPlayLevel: PIE: StaticDuplicateObject took: (0.049404s)
[2016.09.26-11.39.21:276][149]LogAIModule: Creating AISystem for world ThirdPersonExampleMap
[2016.09.26-11.39.21:276][149]LogPlayLevel: PIE: World Init took: (0.001334s)
[2016.09.26-11.39.21:276][149]LogPlayLevel: PIE: Created PIE world by copying editor world from /Game/ThirdPersonBP/Maps/ThirdPersonExampleMap.ThirdPersonExampleMap to /Game/ThirdPersonBP/Maps/UEDPIE_0_ThirdPersonExampleMap.ThirdPersonExampleMap (0.051136s)
[2016.09.26-11.39.21:334][149]LogInit: XAudio2 using 'Speakers (Jabra UC VOICE 150a)' : 2 channels at 44.1 kHz using 16 bits per sample (channel mask 0x3)
[2016.09.26-11.39.21:340][149]LogInit: FAudioDevice initialized.
[2016.09.26-11.39.21:404][149]LogWorld: Game class is 'ThirdPersonGameMode_C'
[2016.09.26-11.39.21:412][149]LogWorld: Bringing World /Game/ThirdPersonBP/Maps/UEDPIE_0_ThirdPersonExampleMap.ThirdPersonExampleMap up for play (max tick rate 60) at 2016.09.26-14.39.21
[2016.09.26-11.39.21:412][149]LogWorld: Bringing up level for play took: 0.007938
[2016.09.26-11.39.21:414][149]PIE: Info Play in editor start time for /Game/ThirdPersonBP/Maps/UEDPIE_0_ThirdPersonExampleMap 0.488
[2016.09.26-11.39.21:414][149]LogBlueprintUserMessages: Late PlayInEditor Detection: Level '/Game/ThirdPersonBP/Maps/ThirdPersonExampleMap.ThirdPersonExampleMap:PersistentLevel' has LevelScriptBlueprint '/Game/ThirdPersonBP/Maps/ThirdPersonExampleMap.ThirdPersonExampleMap:PersistentLevel.ThirdPersonExampleMap' with GeneratedClass '/Game/ThirdPersonBP/Maps/ThirdPersonExampleMap.ThirdPersonExampleMap_C' with ClassGeneratedBy '/Game/ThirdPersonBP/Maps/ThirdPersonExampleMap.ThirdPersonExampleMap:PersistentLevel.ThirdPersonExampleMap'
[2016.09.26-11.39.31:179][323]LogBlueprintUserMessages: Early EndPlayMap Detection: Level '/Game/ThirdPersonBP/Maps/ThirdPersonExampleMap.ThirdPersonExampleMap:PersistentLevel' has LevelScriptBlueprint '/Game/ThirdPersonBP/Maps/ThirdPersonExampleMap.ThirdPersonExampleMap:PersistentLevel.ThirdPersonExampleMap' with GeneratedClass '/Game/ThirdPersonBP/Maps/ThirdPersonExampleMap.ThirdPersonExampleMap_C' with ClassGeneratedBy '/Game/ThirdPersonBP/Maps/ThirdPersonExampleMap.ThirdPersonExampleMap:PersistentLevel.ThirdPersonExampleMap'
[2016.09.26-11.39.31:273][323]LogBlueprintUserMessages: Late EndPlayMap Detection: Level '/Game/ThirdPersonBP/Maps/ThirdPersonExampleMap.ThirdPersonExampleMap:PersistentLevel' has LevelScriptBlueprint '/Game/ThirdPersonBP/Maps/ThirdPersonExampleMap.ThirdPersonExampleMap:PersistentLevel.ThirdPersonExampleMap' with GeneratedClass '/Game/ThirdPersonBP/Maps/ThirdPersonExampleMap.ThirdPersonExampleMap_C' with ClassGeneratedBy '/Game/ThirdPersonBP/Maps/ThirdPersonExampleMap.ThirdPersonExampleMap:PersistentLevel.ThirdPersonExampleMap'
[2016.09.26-11.39.47:251][639]BlueprintLog: New page: Compile runCharacter
[2016.09.26-11.39.47:449][639]BlueprintEditorCompileResults: Info [1103.62] Compile of runCharacter successful! [in 197 ms] (/Game/ThirdPersonBP/Blueprints/runCharacter.runCharacter)
[2016.09.26-11.39.49:090][666]LogSavePackage: Save=732.61ms
[2016.09.26-11.39.49:090][666]LogSavePackage: Moving 'C:/Users/ade.KYIV/Documents/Unreal Projects/EndlessRunner/Saved/ThirdPersonExampleMap2A696C3D4C2D9EA80929C3BDBCD02AB9.tmp' to 'C:/Users/ade.KYIV/Documents/Unreal Projects/EndlessRunner/Content/ThirdPersonBP/Maps/ThirdPersonExampleMap.umap'
[2016.09.26-11.39.49:095][666]LogSavePackage:Display: Finished SavePackage C:/Users/ade.KYIV/Documents/Unreal Projects/EndlessRunner/Content/ThirdPersonBP/Maps/ThirdPersonExampleMap.umap
[2016.09.26-11.39.49:130][666]LogFileHelpers: Saving map 'ThirdPersonExampleMap' took 0.956
[2016.09.26-11.39.49:182][666]Cmd: OBJ SAVEPACKAGE PACKAGE="/Game/ThirdPersonBP/Blueprints/runCharacter" FILE="C:/Users/ade.KYIV/Documents/Unreal Projects/EndlessRunner/Content/ThirdPersonBP/Blueprints/runCharacter.uasset" SILENT=true
[2016.09.26-11.39.49:267][666]LogSavePackage: Save=79.28ms
[2016.09.26-11.39.49:267][666]LogSavePackage: Moving 'C:/Users/ade.KYIV/Documents/Unreal Projects/EndlessRunner/Saved/runCharacter1AA8C8864D5CBF5D0523F793FEA06656.tmp' to 'C:/Users/ade.KYIV/Documents/Unreal Projects/EndlessRunner/Content/ThirdPersonBP/Blueprints/runCharacter.uasset'
[2016.09.26-11.39.49:273][666]LogSavePackage:Display: Finished SavePackage C:/Users/ade.KYIV/Documents/Unreal Projects/EndlessRunner/Content/ThirdPersonBP/Blueprints/runCharacter.uasset
[2016.09.26-11.39.51:191][717]LogBlueprintUserMessages: Early PlayInEditor Detection: Level '/Game/ThirdPersonBP/Maps/ThirdPersonExampleMap.ThirdPersonExampleMap:PersistentLevel' has LevelScriptBlueprint '/Game/ThirdPersonBP/Maps/ThirdPersonExampleMap.ThirdPersonExampleMap:PersistentLevel.ThirdPersonExampleMap' with GeneratedClass '/Game/ThirdPersonBP/Maps/ThirdPersonExampleMap.ThirdPersonExampleMap_C' with ClassGeneratedBy '/Game/ThirdPersonBP/Maps/ThirdPersonExampleMap.ThirdPersonExampleMap:PersistentLevel.ThirdPersonExampleMap'
[2016.09.26-11.39.51:191][717]LogPlayLevel: PlayLevel: No blueprints needed recompiling
[2016.09.26-11.39.51:191][717]PIE: New page: PIE session: ThirdPersonExampleMap (Sep 26, 2016, 4:39:51 PM)
[2016.09.26-11.39.51:192][717]LogPlayLevel: Creating play world package: /Game/ThirdPersonBP/Maps/UEDPIE_0_ThirdPersonExampleMap
[2016.09.26-11.39.51:242][717]LogPlayLevel: PIE: StaticDuplicateObject took: (0.050267s)
[2016.09.26-11.39.51:243][717]LogAIModule: Creating AISystem for world ThirdPersonExampleMap
[2016.09.26-11.39.51:244][717]LogPlayLevel: PIE: World Init took: (0.001655s)
[2016.09.26-11.39.51:244][717]LogPlayLevel: PIE: Created PIE world by copying editor world from /Game/ThirdPersonBP/Maps/ThirdPersonExampleMap.ThirdPersonExampleMap to /Game/ThirdPersonBP/Maps/UEDPIE_0_ThirdPersonExampleMap.ThirdPersonExampleMap (0.052373s)
[2016.09.26-11.39.51:311][717]LogInit: XAudio2 using 'Speakers (Jabra UC VOICE 150a)' : 2 channels at 44.1 kHz using 16 bits per sample (channel mask 0x3)
[2016.09.26-11.39.51:317][717]LogInit: FAudioDevice initialized.
[2016.09.26-11.39.51:390][717]LogWorld: Game class is 'ThirdPersonGameMode_C'
[2016.09.26-11.39.51:398][717]LogWorld: Bringing World /Game/ThirdPersonBP/Maps/UEDPIE_0_ThirdPersonExampleMap.ThirdPersonExampleMap up for play (max tick rate 60) at 2016.09.26-14.39.51
[2016.09.26-11.39.51:398][717]LogWorld: Bringing up level for play took: 0.007759
[2016.09.26-11.39.51:400][717]PIE: Info Play in editor start time for /Game/ThirdPersonBP/Maps/UEDPIE_0_ThirdPersonExampleMap 0.475
[2016.09.26-11.39.51:401][717]LogBlueprintUserMessages: Late PlayInEditor Detection: Level '/Game/ThirdPersonBP/Maps/ThirdPersonExampleMap.ThirdPersonExampleMap:PersistentLevel' has LevelScriptBlueprint '/Game/ThirdPersonBP/Maps/ThirdPersonExampleMap.ThirdPersonExampleMap:PersistentLevel.ThirdPersonExampleMap' with GeneratedClass '/Game/ThirdPersonBP/Maps/ThirdPersonExampleMap.ThirdPersonExampleMap_C' with ClassGeneratedBy '/Game/ThirdPersonBP/Maps/ThirdPersonExampleMap.ThirdPersonExampleMap:PersistentLevel.ThirdPersonExampleMap'
[2016.09.26-11.39.53:926][759]LogBlueprintUserMessages: Early EndPlayMap Detection: Level '/Game/ThirdPersonBP/Maps/ThirdPersonExampleMap.ThirdPersonExampleMap:PersistentLevel' has LevelScriptBlueprint '/Game/ThirdPersonBP/Maps/ThirdPersonExampleMap.ThirdPersonExampleMap:PersistentLevel.ThirdPersonExampleMap' with GeneratedClass '/Game/ThirdPersonBP/Maps/ThirdPersonExampleMap.ThirdPersonExampleMap_C' with ClassGeneratedBy '/Game/ThirdPersonBP/Maps/ThirdPersonExampleMap.ThirdPersonExampleMap:PersistentLevel.ThirdPersonExampleMap'
[2016.09.26-11.39.54:019][759]LogBlueprintUserMessages: Late EndPlayMap Detection: Level '/Game/ThirdPersonBP/Maps/ThirdPersonExampleMap.ThirdPersonExampleMap:PersistentLevel' has LevelScriptBlueprint '/Game/ThirdPersonBP/Maps/ThirdPersonExampleMap.ThirdPersonExampleMap:PersistentLevel.ThirdPersonExampleMap' with GeneratedClass '/Game/ThirdPersonBP/Maps/ThirdPersonExampleMap.ThirdPersonExampleMap_C' with ClassGeneratedBy '/Game/ThirdPersonBP/Maps/ThirdPersonExampleMap.ThirdPersonExampleMap:PersistentLevel.ThirdPersonExampleMap'
[2016.09.26-11.40.09:132][205]LogSavePackage: Save=757.50ms
[2016.09.26-11.40.09:132][205]LogSavePackage: Moving 'C:/Users/ade.KYIV/Documents/Unreal Projects/EndlessRunner/Saved/ThirdPersonExampleMapD943FB4E4A5D660EEDE7509813E59121.tmp' to 'C:/Users/ade.KYIV/Documents/Unreal Projects/EndlessRunner/Content/ThirdPersonBP/Maps/ThirdPersonExampleMap.umap'
[2016.09.26-11.40.09:144][205]LogSavePackage:Display: Finished SavePackage C:/Users/ade.KYIV/Documents/Unreal Projects/EndlessRunner/Content/ThirdPersonBP/Maps/ThirdPersonExampleMap.umap
[2016.09.26-11.40.09:176][205]LogFileHelpers: Saving map 'ThirdPersonExampleMap' took 0.985
[2016.09.26-11.40.09:239][205]Cmd: OBJ SAVEPACKAGE PACKAGE="/Game/ThirdPersonBP/Blueprints/runCharacter" FILE="C:/Users/ade.KYIV/Documents/Unreal Projects/EndlessRunner/Content/ThirdPersonBP/Blueprints/runCharacter.uasset" SILENT=true
[2016.09.26-11.40.09:316][205]LogSavePackage: Save=72.73ms
[2016.09.26-11.40.09:316][205]LogSavePackage: Moving 'C:/Users/ade.KYIV/Documents/Unreal Projects/EndlessRunner/Saved/runCharacter05C86E0C442EE1F3ECEF3FAF01073079.tmp' to 'C:/Users/ade.KYIV/Documents/Unreal Projects/EndlessRunner/Content/ThirdPersonBP/Blueprints/runCharacter.uasset'
[2016.09.26-11.40.09:324][205]LogSavePackage:Display: Finished SavePackage C:/Users/ade.KYIV/Documents/Unreal Projects/EndlessRunner/Content/ThirdPersonBP/Blueprints/runCharacter.uasset
[2016.09.26-11.40.09:525][214]BlueprintLog: New page: Compile runCharacter
[2016.09.26-11.40.09:709][214]BlueprintEditorCompileResults: Info [1125.88] Compile of runCharacter successful! [in 184 ms] (/Game/ThirdPersonBP/Blueprints/runCharacter.runCharacter)
[2016.09.26-11.41.11:537][793]LogEditorViewport: Clicking on Actor (LMB): runCharacter_C (ThirdPersonCharacter)
[2016.09.26-11.41.45:883][934]LogText:Warning: Failed to parse argument "GameModeName" as a number (using "0" as a fallback). Please check your format string for errors: "GameMode: Edit {GameModeName}".
[2016.09.26-11.42.05:528][651]LogEditorViewport: Clicking on Actor (LMB): StaticMeshActor (Floor)
[2016.09.26-11.42.06:325][662]LogEditorViewport: Clicking on Actor (LMB): TriggerBox (TriggerBox)
[2016.09.26-11.43.44:030][735]BlueprintLog: New page: Compile ThirdPersonExampleMap
[2016.09.26-11.43.44:037][735]LogBlueprint:Error: Compiler Error The type of  Object  is undetermined.  Connect something to  Cast To runCharacter  to imply a specific type.
[2016.09.26-11.43.44:316][735]LogBlueprint:Error: Compiler Error The current value of the ' Object ' pin is invalid: Unsupported type Object Wildcard on pin Object
[2016.09.26-11.43.45:167][735]LogBlueprint:Warning: Compiler Warning [1341.34] Compile of PersistentLevel.ThirdPersonExampleMap failed. 2 Fatal Issue(s) 0 Warning(s) [in 1,136 ms] (/Game/ThirdPersonBP/Maps/ThirdPersonExampleMap.ThirdPersonExampleMap:PersistentLevel.ThirdPersonExampleMap)
[2016.09.26-11.43.45:167][735]BlueprintEditorCompileResults:Error: Error The type of  Object  is undetermined.  Connect something to  Cast To runCharacter  to imply a specific type.
[2016.09.26-11.43.45:167][735]BlueprintEditorCompileResults:Error: Error The current value of the ' Object ' pin is invalid: Unsupported type Object Wildcard on pin Object
[2016.09.26-11.43.45:167][735]BlueprintEditorCompileResults:Warning: Warning [1341.34] Compile of PersistentLevel.ThirdPersonExampleMap failed. 2 Fatal Issue(s) 0 Warning(s) [in 1,136 ms] (/Game/ThirdPersonBP/Maps/ThirdPersonExampleMap.ThirdPersonExampleMap:PersistentLevel.ThirdPersonExampleMap)
[2016.09.26-11.44.22:498][ 55]BlueprintLog: New page: Compile runCharacter
[2016.09.26-11.44.22:546][ 55]LogBlueprint:Error: Compiler Error The type of  Object  is undetermined.  Connect something to  Cast To runCharacter  to imply a specific type.
[2016.09.26-11.44.22:546][ 55]LogBlueprint:Error: Compiler Error The current value of the ' Object ' pin is invalid: Unsupported type Wildcard on pin Object
[2016.09.26-11.44.22:790][ 55]BlueprintEditorCompileResults: Info [1378.96] Compile of runCharacter successful! [in 291 ms] (/Game/ThirdPersonBP/Blueprints/runCharacter.runCharacter)
[2016.09.26-11.44.24:351][109]LogBlueprint:Error: Compiler Error The type of  Object  is undetermined.  Connect something to  Cast To runCharacter  to imply a specific type.
[2016.09.26-11.44.24:351][109]LogBlueprint:Error: Compiler Error The current value of the ' Object ' pin is invalid: Unsupported type Wildcard on pin Object
[2016.09.26-11.44.24:521][109]LogBlueprint:Warning: Compiler Warning [1380.69] Compile of PersistentLevel.ThirdPersonExampleMap failed. 2 Fatal Issue(s) 0 Warning(s) [in 174 ms] (/Game/ThirdPersonBP/Maps/ThirdPersonExampleMap.ThirdPersonExampleMap:PersistentLevel.ThirdPersonExampleMap)
[2016.09.26-11.44.24:521][109]LogBlueprint:Warning: Compiler Warning [1380.69] Compile of PersistentLevel.ThirdPersonExampleMap failed. 2 Fatal Issue(s) 1 Warning(s) [in 0 ms] (/Game/ThirdPersonBP/Maps/ThirdPersonExampleMap.ThirdPersonExampleMap:PersistentLevel.ThirdPersonExampleMap)
[2016.09.26-11.44.24:521][109]LogBlueprint:Warning: Compiler Warning [1380.69] Compile of PersistentLevel.ThirdPersonExampleMap failed. 2 Fatal Issue(s) 2 Warning(s) [in 0 ms] (/Game/ThirdPersonBP/Maps/ThirdPersonExampleMap.ThirdPersonExampleMap:PersistentLevel.ThirdPersonExampleMap)
[2016.09.26-11.44.24:521][109]LogBlueprint:Warning: Compiler Warning [1380.69] Compile of PersistentLevel.ThirdPersonExampleMap failed. 2 Fatal Issue(s) 3 Warning(s) [in 0 ms] (/Game/ThirdPersonBP/Maps/ThirdPersonExampleMap.ThirdPersonExampleMap:PersistentLevel.ThirdPersonExampleMap)
[2016.09.26-11.44.24:524][109]LogBlueprint:Warning: Compiler Warning [1380.70] Compile of PersistentLevel.ThirdPersonExampleMap failed. 2 Fatal Issue(s) 4 Warning(s) [in 2 ms] (/Game/ThirdPersonBP/Maps/ThirdPersonExampleMap.ThirdPersonExampleMap:PersistentLevel.ThirdPersonExampleMap)
[2016.09.26-11.44.24:524][109]LogBlueprint:Warning: Compiler Warning [1380.70] Compile of PersistentLevel.ThirdPersonExampleMap failed. 2 Fatal Issue(s) 5 Warning(s) [in 0 ms] (/Game/ThirdPersonBP/Maps/ThirdPersonExampleMap.ThirdPersonExampleMap:PersistentLevel.ThirdPersonExampleMap)
[2016.09.26-11.44.25:226][109]LogSavePackage: Save=883.87ms
[2016.09.26-11.44.25:226][109]LogSavePackage: Moving 'C:/Users/ade.KYIV/Documents/Unreal Projects/EndlessRunner/Saved/ThirdPersonExampleMapBCEC84644710DC378A6258AEB9176FB6.tmp' to 'C:/Users/ade.KYIV/Documents/Unreal Projects/EndlessRunner/Content/ThirdPersonBP/Maps/ThirdPersonExampleMap.umap'
[2016.09.26-11.44.25:231][109]LogSavePackage:Display: Finished SavePackage C:/Users/ade.KYIV/Documents/Unreal Projects/EndlessRunner/Content/ThirdPersonBP/Maps/ThirdPersonExampleMap.umap
[2016.09.26-11.44.25:273][109]LogFileHelpers: Saving map 'ThirdPersonExampleMap' took 1.152
[2016.09.26-11.44.25:330][109]Cmd: OBJ SAVEPACKAGE PACKAGE="/Game/ThirdPersonBP/Blueprints/runCharacter" FILE="C:/Users/ade.KYIV/Documents/Unreal Projects/EndlessRunner/Content/ThirdPersonBP/Blueprints/runCharacter.uasset" SILENT=true
[2016.09.26-11.44.25:409][109]LogSavePackage: Save=71.04ms
[2016.09.26-11.44.25:409][109]LogSavePackage: Moving 'C:/Users/ade.KYIV/Documents/Unreal Projects/EndlessRunner/Saved/runCharacterDE275D54421666A54FFB1DAA5B6EA5DF.tmp' to 'C:/Users/ade.KYIV/Documents/Unreal Projects/EndlessRunner/Content/ThirdPersonBP/Blueprints/runCharacter.uasset'
[2016.09.26-11.44.25:413][109]LogSavePackage:Display: Finished SavePackage C:/Users/ade.KYIV/Documents/Unreal Projects/EndlessRunner/Content/ThirdPersonBP/Blueprints/runCharacter.uasset
[2016.09.26-11.44.31:145][214]LogBlueprintUserMessages: Early PlayInEditor Detection: Level '/Game/ThirdPersonBP/Maps/ThirdPersonExampleMap.ThirdPersonExampleMap:PersistentLevel' has LevelScriptBlueprint '/Game/ThirdPersonBP/Maps/ThirdPersonExampleMap.ThirdPersonExampleMap:PersistentLevel.ThirdPersonExampleMap' with GeneratedClass '/Game/ThirdPersonBP/Maps/ThirdPersonExampleMap.ThirdPersonExampleMap_C' with ClassGeneratedBy '/Game/ThirdPersonBP/Maps/ThirdPersonExampleMap.ThirdPersonExampleMap:PersistentLevel.ThirdPersonExampleMap'
[2016.09.26-11.44.31:145][214]BlueprintLog: New page: Pre-Play auto-recompile
[2016.09.26-11.44.31:150][214]LogPlayLevel: [PlayLevel] Compiling ThirdPersonExampleMap before play...
[2016.09.26-11.44.31:160][214]LogBlueprint:Error: Compiler Error The type of  Object  is undetermined.  Connect something to  Cast To runCharacter  to imply a specific type.
[2016.09.26-11.44.31:160][214]LogBlueprint:Error: Compiler Error The current value of the ' Object ' pin is invalid: Unsupported type Wildcard on pin Object
[2016.09.26-11.44.31:332][214]LogBlueprint:Warning: Compiler Warning [1387.50] Compile of PersistentLevel.ThirdPersonExampleMap failed. 2 Fatal Issue(s) 0 Warning(s) [in 177 ms] (/Game/ThirdPersonBP/Maps/ThirdPersonExampleMap.ThirdPersonExampleMap:PersistentLevel.ThirdPersonExampleMap)
[2016.09.26-11.44.31:333][214]LogBlueprint:Warning: Compiler Warning [1387.51] Compile of PersistentLevel.ThirdPersonExampleMap failed. 2 Fatal Issue(s) 1 Warning(s) [in 0 ms] (/Game/ThirdPersonBP/Maps/ThirdPersonExampleMap.ThirdPersonExampleMap:PersistentLevel.ThirdPersonExampleMap)
[2016.09.26-11.44.31:333][214]LogBlueprint:Warning: Compiler Warning [1387.51] Compile of PersistentLevel.ThirdPersonExampleMap failed. 2 Fatal Issue(s) 2 Warning(s) [in 0 ms] (/Game/ThirdPersonBP/Maps/ThirdPersonExampleMap.ThirdPersonExampleMap:PersistentLevel.ThirdPersonExampleMap)
[2016.09.26-11.44.31:333][214]LogBlueprint:Warning: Compiler Warning [1387.51] Compile of PersistentLevel.ThirdPersonExampleMap failed. 2 Fatal Issue(s) 3 Warning(s) [in 0 ms] (/Game/ThirdPersonBP/Maps/ThirdPersonExampleMap.ThirdPersonExampleMap:PersistentLevel.ThirdPersonExampleMap)
[2016.09.26-11.44.31:336][214]LogBlueprint:Warning: Compiler Warning [1387.51] Compile of PersistentLevel.ThirdPersonExampleMap failed. 2 Fatal Issue(s) 4 Warning(s) [in 2 ms] (/Game/ThirdPersonBP/Maps/ThirdPersonExampleMap.ThirdPersonExampleMap:PersistentLevel.ThirdPersonExampleMap)
[2016.09.26-11.44.31:337][214]LogBlueprint:Warning: Compiler Warning [1387.51] Compile of PersistentLevel.ThirdPersonExampleMap failed. 2 Fatal Issue(s) 5 Warning(s) [in 0 ms] (/Game/ThirdPersonBP/Maps/ThirdPersonExampleMap.ThirdPersonExampleMap:PersistentLevel.ThirdPersonExampleMap)
[2016.09.26-11.44.31:624][214]LogPlayLevel: PlayLevel: Blueprint regeneration took 479 ms (1 blueprints)
[2016.09.26-11.44.31:783][214]BlueprintLog: Info Blueprint ThirdPersonExampleMap failed to compile
[2016.09.26-11.45.10:793][282]BlueprintLog: New page: Compile ThirdPersonExampleMap
[2016.09.26-11.45.11:524][282]BlueprintEditorCompileResults: Info [1427.70] Compile of PersistentLevel.ThirdPersonExampleMap successful! [in 730 ms] (/Game/ThirdPersonBP/Maps/ThirdPersonExampleMap.ThirdPersonExampleMap:PersistentLevel.ThirdPersonExampleMap)
[2016.09.26-11.45.14:368][384]LogSavePackage: Save=727.82ms
[2016.09.26-11.45.14:368][384]LogSavePackage: Moving 'C:/Users/ade.KYIV/Documents/Unreal Projects/EndlessRunner/Saved/ThirdPersonExampleMapEDFDDDCD49A068B0B09147928B281034.tmp' to 'C:/Users/ade.KYIV/Documents/Unreal Projects/EndlessRunner/Content/ThirdPersonBP/Maps/ThirdPersonExampleMap.umap'
[2016.09.26-11.45.14:378][384]LogSavePackage:Display: Finished SavePackage C:/Users/ade.KYIV/Documents/Unreal Projects/EndlessRunner/Content/ThirdPersonBP/Maps/ThirdPersonExampleMap.umap
[2016.09.26-11.45.14:405][384]LogFileHelpers: Saving map 'ThirdPersonExampleMap' took 0.934
[2016.09.26-11.45.16:862][470]LogBlueprintUserMessages: Early PlayInEditor Detection: Level '/Game/ThirdPersonBP/Maps/ThirdPersonExampleMap.ThirdPersonExampleMap:PersistentLevel' has LevelScriptBlueprint '/Game/ThirdPersonBP/Maps/ThirdPersonExampleMap.ThirdPersonExampleMap:PersistentLevel.ThirdPersonExampleMap' with GeneratedClass '/Game/ThirdPersonBP/Maps/ThirdPersonExampleMap.ThirdPersonExampleMap_C' with ClassGeneratedBy '/Game/ThirdPersonBP/Maps/ThirdPersonExampleMap.ThirdPersonExampleMap:PersistentLevel.ThirdPersonExampleMap'
[2016.09.26-11.45.16:862][470]LogPlayLevel: PlayLevel: No blueprints needed recompiling
[2016.09.26-11.45.16:862][470]PIE: New page: PIE session: ThirdPersonExampleMap (Sep 26, 2016, 4:45:16 PM)
[2016.09.26-11.45.16:862][470]LogPlayLevel: Creating play world package: /Game/ThirdPersonBP/Maps/UEDPIE_0_ThirdPersonExampleMap
[2016.09.26-11.45.16:918][470]LogPlayLevel: PIE: StaticDuplicateObject took: (0.055908s)
[2016.09.26-11.45.16:920][470]LogAIModule: Creating AISystem for world ThirdPersonExampleMap
[2016.09.26-11.45.16:920][470]LogPlayLevel: PIE: World Init took: (0.001711s)
[2016.09.26-11.45.16:921][470]LogPlayLevel: PIE: Created PIE world by copying editor world from /Game/ThirdPersonBP/Maps/ThirdPersonExampleMap.ThirdPersonExampleMap to /Game/ThirdPersonBP/Maps/UEDPIE_0_ThirdPersonExampleMap.ThirdPersonExampleMap (0.058045s)
[2016.09.26-11.45.16:991][470]LogInit: XAudio2 using 'Speakers (Jabra UC VOICE 150a)' : 2 channels at 44.1 kHz using 16 bits per sample (channel mask 0x3)
[2016.09.26-11.45.16:999][470]LogInit: FAudioDevice initialized.
[2016.09.26-11.45.17:070][470]LogWorld: Game class is 'ThirdPersonGameMode_C'
[2016.09.26-11.45.17:080][470]LogWorld: Bringing World /Game/ThirdPersonBP/Maps/UEDPIE_0_ThirdPersonExampleMap.ThirdPersonExampleMap up for play (max tick rate 60) at 2016.09.26-14.45.17
[2016.09.26-11.45.17:081][470]LogWorld: Bringing up level for play took: 0.010073
[2016.09.26-11.45.17:083][470]PIE: Info Play in editor start time for /Game/ThirdPersonBP/Maps/UEDPIE_0_ThirdPersonExampleMap 0.157
[2016.09.26-11.45.17:084][470]LogBlueprintUserMessages: Late PlayInEditor Detection: Level '/Game/ThirdPersonBP/Maps/ThirdPersonExampleMap.ThirdPersonExampleMap:PersistentLevel' has LevelScriptBlueprint '/Game/ThirdPersonBP/Maps/ThirdPersonExampleMap.ThirdPersonExampleMap:PersistentLevel.ThirdPersonExampleMap' with GeneratedClass '/Game/ThirdPersonBP/Maps/ThirdPersonExampleMap.ThirdPersonExampleMap_C' with ClassGeneratedBy '/Game/ThirdPersonBP/Maps/ThirdPersonExampleMap.ThirdPersonExampleMap:PersistentLevel.ThirdPersonExampleMap'
[2016.09.26-11.45.20:225][527]LogBlueprintUserMessages: Early EndPlayMap Detection: Level '/Game/ThirdPersonBP/Maps/ThirdPersonExampleMap.ThirdPersonExampleMap:PersistentLevel' has LevelScriptBlueprint '/Game/ThirdPersonBP/Maps/ThirdPersonExampleMap.ThirdPersonExampleMap:PersistentLevel.ThirdPersonExampleMap' with GeneratedClass '/Game/ThirdPersonBP/Maps/ThirdPersonExampleMap.ThirdPersonExampleMap_C' with ClassGeneratedBy '/Game/ThirdPersonBP/Maps/ThirdPersonExampleMap.ThirdPersonExampleMap:PersistentLevel.ThirdPersonExampleMap'
[2016.09.26-11.45.20:347][527]LogBlueprintUserMessages: Late EndPlayMap Detection: Level '/Game/ThirdPersonBP/Maps/ThirdPersonExampleMap.ThirdPersonExampleMap:PersistentLevel' has LevelScriptBlueprint '/Game/ThirdPersonBP/Maps/ThirdPersonExampleMap.ThirdPersonExampleMap:PersistentLevel.ThirdPersonExampleMap' with GeneratedClass '/Game/ThirdPersonBP/Maps/ThirdPersonExampleMap.ThirdPersonExampleMap_C' with ClassGeneratedBy '/Game/ThirdPersonBP/Maps/ThirdPersonExampleMap.ThirdPersonExampleMap:PersistentLevel.ThirdPersonExampleMap'
[2016.09.26-11.45.25:646][615]LogEditorViewport: Clicking on Actor (LMB): runCharacter_C (ThirdPersonCharacter)
[2016.09.26-11.45.29:708][668]LogBlueprintUserMessages: Early PlayInEditor Detection: Level '/Game/ThirdPersonBP/Maps/ThirdPersonExampleMap.ThirdPersonExampleMap:PersistentLevel' has LevelScriptBlueprint '/Game/ThirdPersonBP/Maps/ThirdPersonExampleMap.ThirdPersonExampleMap:PersistentLevel.ThirdPersonExampleMap' with GeneratedClass '/Game/ThirdPersonBP/Maps/ThirdPersonExampleMap.ThirdPersonExampleMap_C' with ClassGeneratedBy '/Game/ThirdPersonBP/Maps/ThirdPersonExampleMap.ThirdPersonExampleMap:PersistentLevel.ThirdPersonExampleMap'
[2016.09.26-11.45.29:709][668]LogPlayLevel: PlayLevel: No blueprints needed recompiling
[2016.09.26-11.45.29:709][668]PIE: New page: PIE session: ThirdPersonExampleMap (Sep 26, 2016, 4:45:29 PM)
[2016.09.26-11.45.29:709][668]LogPlayLevel: Creating play world package: /Game/ThirdPersonBP/Maps/UEDPIE_0_ThirdPersonExampleMap
[2016.09.26-11.45.29:758][668]LogPlayLevel: PIE: StaticDuplicateObject took: (0.049080s)
[2016.09.26-11.45.29:760][668]LogAIModule: Creating AISystem for world ThirdPersonExampleMap
[2016.09.26-11.45.29:760][668]LogPlayLevel: PIE: World Init took: (0.001401s)
[2016.09.26-11.45.29:760][668]LogPlayLevel: PIE: Created PIE world by copying editor world from /Game/ThirdPersonBP/Maps/ThirdPersonExampleMap.ThirdPersonExampleMap to /Game/ThirdPersonBP/Maps/UEDPIE_0_ThirdPersonExampleMap.ThirdPersonExampleMap (0.050977s)
[2016.09.26-11.45.29:864][668]LogInit: XAudio2 using 'Speakers (Jabra UC VOICE 150a)' : 2 channels at 44.1 kHz using 16 bits per sample (channel mask 0x3)
[2016.09.26-11.45.29:871][668]LogInit: FAudioDevice initialized.
[2016.09.26-11.45.29:936][668]LogWorld: Game class is 'ThirdPersonGameMode_C'
[2016.09.26-11.45.29:944][668]LogWorld: Bringing World /Game/ThirdPersonBP/Maps/UEDPIE_0_ThirdPersonExampleMap.ThirdPersonExampleMap up for play (max tick rate 60) at 2016.09.26-14.45.29
[2016.09.26-11.45.29:945][668]LogWorld: Bringing up level for play took: 0.008215
[2016.09.26-11.45.29:947][668]PIE: Info Play in editor start time for /Game/ThirdPersonBP/Maps/UEDPIE_0_ThirdPersonExampleMap 1.021
[2016.09.26-11.45.29:947][668]LogBlueprintUserMessages: Late PlayInEditor Detection: Level '/Game/ThirdPersonBP/Maps/ThirdPersonExampleMap.ThirdPersonExampleMap:PersistentLevel' has LevelScriptBlueprint '/Game/ThirdPersonBP/Maps/ThirdPersonExampleMap.ThirdPersonExampleMap:PersistentLevel.ThirdPersonExampleMap' with GeneratedClass '/Game/ThirdPersonBP/Maps/ThirdPersonExampleMap.ThirdPersonExampleMap_C' with ClassGeneratedBy '/Game/ThirdPersonBP/Maps/ThirdPersonExampleMap.ThirdPersonExampleMap:PersistentLevel.ThirdPersonExampleMap'
[2016.09.26-11.45.35:795][774]LogBlueprintUserMessages: Early EndPlayMap Detection: Level '/Game/ThirdPersonBP/Maps/ThirdPersonExampleMap.ThirdPersonExampleMap:PersistentLevel' has LevelScriptBlueprint '/Game/ThirdPersonBP/Maps/ThirdPersonExampleMap.ThirdPersonExampleMap:PersistentLevel.ThirdPersonExampleMap' with GeneratedClass '/Game/ThirdPersonBP/Maps/ThirdPersonExampleMap.ThirdPersonExampleMap_C' with ClassGeneratedBy '/Game/ThirdPersonBP/Maps/ThirdPersonExampleMap.ThirdPersonExampleMap:PersistentLevel.ThirdPersonExampleMap'
[2016.09.26-11.45.35:959][774]LogBlueprintUserMessages: Late EndPlayMap Detection: Level '/Game/ThirdPersonBP/Maps/ThirdPersonExampleMap.ThirdPersonExampleMap:PersistentLevel' has LevelScriptBlueprint '/Game/ThirdPersonBP/Maps/ThirdPersonExampleMap.ThirdPersonExampleMap:PersistentLevel.ThirdPersonExampleMap' with GeneratedClass '/Game/ThirdPersonBP/Maps/ThirdPersonExampleMap.ThirdPersonExampleMap_C' with ClassGeneratedBy '/Game/ThirdPersonBP/Maps/ThirdPersonExampleMap.ThirdPersonExampleMap:PersistentLevel.ThirdPersonExampleMap'
[2016.09.26-11.45.43:675][959]LogSavePackage: Save=748.52ms
[2016.09.26-11.45.43:675][959]LogSavePackage: Moving 'C:/Users/ade.KYIV/Documents/Unreal Projects/EndlessRunner/Saved/ThirdPersonExampleMap43377FE44719D49B16F5F09175260194.tmp' to 'C:/Users/ade.KYIV/Documents/Unreal Projects/EndlessRunner/Content/ThirdPersonBP/Maps/ThirdPersonExampleMap.umap'
[2016.09.26-11.45.43:682][959]LogSavePackage:Display: Finished SavePackage C:/Users/ade.KYIV/Documents/Unreal Projects/EndlessRunner/Content/ThirdPersonBP/Maps/ThirdPersonExampleMap.umap
[2016.09.26-11.45.43:718][959]LogFileHelpers: Saving map 'ThirdPersonExampleMap' took 0.981
[2016.09.26-11.45.51:143][107]Cmd: CAMERA ALIGN ACTIVEVIEWPORTONLY
[2016.09.26-11.45.52:482][126]LogBlueprintUserMessages: Early PlayInEditor Detection: Level '/Game/ThirdPersonBP/Maps/ThirdPersonExampleMap.ThirdPersonExampleMap:PersistentLevel' has LevelScriptBlueprint '/Game/ThirdPersonBP/Maps/ThirdPersonExampleMap.ThirdPersonExampleMap:PersistentLevel.ThirdPersonExampleMap' with GeneratedClass '/Game/ThirdPersonBP/Maps/ThirdPersonExampleMap.ThirdPersonExampleMap_C' with ClassGeneratedBy '/Game/ThirdPersonBP/Maps/ThirdPersonExampleMap.ThirdPersonExampleMap:PersistentLevel.ThirdPersonExampleMap'
[2016.09.26-11.45.52:483][126]LogPlayLevel: PlayLevel: No blueprints needed recompiling
[2016.09.26-11.45.52:483][126]PIE: New page: PIE session: ThirdPersonExampleMap (Sep 26, 2016, 4:45:52 PM)
[2016.09.26-11.45.52:483][126]LogPlayLevel: Creating play world package: /Game/ThirdPersonBP/Maps/UEDPIE_0_ThirdPersonExampleMap
[2016.09.26-11.45.52:534][126]LogPlayLevel: PIE: StaticDuplicateObject took: (0.050709s)
[2016.09.26-11.45.52:536][126]LogAIModule: Creating AISystem for world ThirdPersonExampleMap
[2016.09.26-11.45.52:537][126]LogPlayLevel: PIE: World Init took: (0.002889s)
[2016.09.26-11.45.52:537][126]LogPlayLevel: PIE: Created PIE world by copying editor world from /Game/ThirdPersonBP/Maps/ThirdPersonExampleMap.ThirdPersonExampleMap to /Game/ThirdPersonBP/Maps/UEDPIE_0_ThirdPersonExampleMap.ThirdPersonExampleMap (0.054508s)
[2016.09.26-11.45.52:631][126]LogInit: XAudio2 using 'Speakers (Jabra UC VOICE 150a)' : 2 channels at 44.1 kHz using 16 bits per sample (channel mask 0x3)
[2016.09.26-11.45.52:637][126]LogInit: FAudioDevice initialized.
[2016.09.26-11.45.52:703][126]LogWorld: Game class is 'ThirdPersonGameMode_C'
[2016.09.26-11.45.52:712][126]LogWorld: Bringing World /Game/ThirdPersonBP/Maps/UEDPIE_0_ThirdPersonExampleMap.ThirdPersonExampleMap up for play (max tick rate 60) at 2016.09.26-14.45.52
[2016.09.26-11.45.52:713][126]LogWorld: Bringing up level for play took: 0.008730
[2016.09.26-11.45.52:714][126]PIE: Info Play in editor start time for /Game/ThirdPersonBP/Maps/UEDPIE_0_ThirdPersonExampleMap -0.212
[2016.09.26-11.45.52:714][126]LogBlueprintUserMessages: Late PlayInEditor Detection: Level '/Game/ThirdPersonBP/Maps/ThirdPersonExampleMap.ThirdPersonExampleMap:PersistentLevel' has LevelScriptBlueprint '/Game/ThirdPersonBP/Maps/ThirdPersonExampleMap.ThirdPersonExampleMap:PersistentLevel.ThirdPersonExampleMap' with GeneratedClass '/Game/ThirdPersonBP/Maps/ThirdPersonExampleMap.ThirdPersonExampleMap_C' with ClassGeneratedBy '/Game/ThirdPersonBP/Maps/ThirdPersonExampleMap.ThirdPersonExampleMap:PersistentLevel.ThirdPersonExampleMap'
[2016.09.26-11.45.56:011][187]LogBlueprintUserMessages: Early EndPlayMap Detection: Level '/Game/ThirdPersonBP/Maps/ThirdPersonExampleMap.ThirdPersonExampleMap:PersistentLevel' has LevelScriptBlueprint '/Game/ThirdPersonBP/Maps/ThirdPersonExampleMap.ThirdPersonExampleMap:PersistentLevel.ThirdPersonExampleMap' with GeneratedClass '/Game/ThirdPersonBP/Maps/ThirdPersonExampleMap.ThirdPersonExampleMap_C' with ClassGeneratedBy '/Game/ThirdPersonBP/Maps/ThirdPersonExampleMap.ThirdPersonExampleMap:PersistentLevel.ThirdPersonExampleMap'
[2016.09.26-11.45.56:179][187]LogBlueprintUserMessages: Late EndPlayMap Detection: Level '/Game/ThirdPersonBP/Maps/ThirdPersonExampleMap.ThirdPersonExampleMap:PersistentLevel' has LevelScriptBlueprint '/Game/ThirdPersonBP/Maps/ThirdPersonExampleMap.ThirdPersonExampleMap:PersistentLevel.ThirdPersonExampleMap' with GeneratedClass '/Game/ThirdPersonBP/Maps/ThirdPersonExampleMap.ThirdPersonExampleMap_C' with ClassGeneratedBy '/Game/ThirdPersonBP/Maps/ThirdPersonExampleMap.ThirdPersonExampleMap:PersistentLevel.ThirdPersonExampleMap'
[2016.09.26-11.46.53:706][371]LogSavePackage: Save=847.42ms
[2016.09.26-11.46.53:707][371]LogSavePackage: Moving 'C:/Users/ade.KYIV/Documents/Unreal Projects/EndlessRunner/Saved/ThirdPersonExampleMap28729FC645910BDD1DE0AEA761F52B06.tmp' to 'C:/Users/ade.KYIV/Documents/Unreal Projects/EndlessRunner/Content/ThirdPersonBP/Maps/ThirdPersonExampleMap.umap'
[2016.09.26-11.46.53:712][371]LogSavePackage:Display: Finished SavePackage C:/Users/ade.KYIV/Documents/Unreal Projects/EndlessRunner/Content/ThirdPersonBP/Maps/ThirdPersonExampleMap.umap
[2016.09.26-11.46.53:747][371]LogFileHelpers: Saving map 'ThirdPersonExampleMap' took 1.078
[2016.09.26-11.46.56:438][513]BlueprintLog: New page: Compile ThirdPersonExampleMap
[2016.09.26-11.46.56:594][513]BlueprintEditorCompileResults: Info [1532.77] Compile of PersistentLevel.ThirdPersonExampleMap successful! [in 155 ms] (/Game/ThirdPersonBP/Maps/ThirdPersonExampleMap.ThirdPersonExampleMap:PersistentLevel.ThirdPersonExampleMap)
[2016.09.26-11.46.59:394][597]LogBlueprintUserMessages: Early PlayInEditor Detection: Level '/Game/ThirdPersonBP/Maps/ThirdPersonExampleMap.ThirdPersonExampleMap:PersistentLevel' has LevelScriptBlueprint '/Game/ThirdPersonBP/Maps/ThirdPersonExampleMap.ThirdPersonExampleMap:PersistentLevel.ThirdPersonExampleMap' with GeneratedClass '/Game/ThirdPersonBP/Maps/ThirdPersonExampleMap.ThirdPersonExampleMap_C' with ClassGeneratedBy '/Game/ThirdPersonBP/Maps/ThirdPersonExampleMap.ThirdPersonExampleMap:PersistentLevel.ThirdPersonExampleMap'
[2016.09.26-11.46.59:394][597]LogPlayLevel: PlayLevel: No blueprints needed recompiling
[2016.09.26-11.46.59:394][597]PIE: New page: PIE session: ThirdPersonExampleMap (Sep 26, 2016, 4:46:59 PM)
[2016.09.26-11.46.59:395][597]LogPlayLevel: Creating play world package: /Game/ThirdPersonBP/Maps/UEDPIE_0_ThirdPersonExampleMap
[2016.09.26-11.46.59:450][597]LogPlayLevel: PIE: StaticDuplicateObject took: (0.055397s)
[2016.09.26-11.46.59:452][597]LogAIModule: Creating AISystem for world ThirdPersonExampleMap
[2016.09.26-11.46.59:453][597]LogPlayLevel: PIE: World Init took: (0.001981s)
[2016.09.26-11.46.59:453][597]LogPlayLevel: PIE: Created PIE world by copying editor world from /Game/ThirdPersonBP/Maps/ThirdPersonExampleMap.ThirdPersonExampleMap to /Game/ThirdPersonBP/Maps/UEDPIE_0_ThirdPersonExampleMap.ThirdPersonExampleMap (0.058356s)
[2016.09.26-11.46.59:557][597]LogInit: XAudio2 using 'Speakers (Jabra UC VOICE 150a)' : 2 channels at 44.1 kHz using 16 bits per sample (channel mask 0x3)
[2016.09.26-11.46.59:565][597]LogInit: FAudioDevice initialized.
[2016.09.26-11.46.59:650][597]LogWorld: Game class is 'ThirdPersonGameMode_C'
[2016.09.26-11.46.59:661][597]LogWorld: Bringing World /Game/ThirdPersonBP/Maps/UEDPIE_0_ThirdPersonExampleMap.ThirdPersonExampleMap up for play (max tick rate 60) at 2016.09.26-14.46.59
[2016.09.26-11.46.59:662][597]LogWorld: Bringing up level for play took: 0.011056
[2016.09.26-11.46.59:664][597]PIE: Info Play in editor start time for /Game/ThirdPersonBP/Maps/UEDPIE_0_ThirdPersonExampleMap 0.739
[2016.09.26-11.46.59:665][597]LogBlueprintUserMessages: Late PlayInEditor Detection: Level '/Game/ThirdPersonBP/Maps/ThirdPersonExampleMap.ThirdPersonExampleMap:PersistentLevel' has LevelScriptBlueprint '/Game/ThirdPersonBP/Maps/ThirdPerson